[0.009s] Invoking command in '/home/maksim/KT1_ROS/build/custom_msgs': CMAKE_PREFIX_PATH=${CMAKE_PREFIX_PATH}:/home/maksim/KT1_ROS/ros2_pose/install/move_with_obstacle:/opt/ros/humble /usr/bin/cmake /home/maksim/KT1_ROS/custom_msgs -DCMAKE_INSTALL_PREFIX=/home/maksim/KT1_ROS/install/custom_msgs
[0.141s] -- The C compiler identification is GNU 11.4.0
[0.384s] -- The CXX compiler identification is GNU 11.4.0
[0.521s] -- Detecting C compiler ABI info
[0.596s] -- Detecting C compiler ABI info - done
[0.600s] -- Check for working C compiler: /usr/bin/cc - skipped
[0.604s] -- Detecting C compile features
[0.604s] -- Detecting C compile features - done
[0.608s] -- Detecting CXX compiler ABI info
[0.685s] -- Detecting CXX compiler ABI info - done
[0.689s] -- Check for working CXX compiler: /usr/bin/c++ - skipped
[0.689s] -- Detecting CXX compile features
[0.690s] -- Detecting CXX compile features - done
[0.693s] -- Found ament_cmake: 1.3.11 (/opt/ros/humble/share/ament_cmake/cmake)
[0.789s] -- Found Python3: /usr/bin/python3 (found version "3.10.12") found components: Interpreter 
[0.859s] -- Found ament_lint_auto: 0.12.11 (/opt/ros/humble/share/ament_lint_auto/cmake)
[0.913s] -- Found rosidl_default_generators: 1.2.0 (/opt/ros/humble/share/rosidl_default_generators/cmake)
[0.917s] -- Using all available rosidl_typesupport_c: rosidl_typesupport_fastrtps_c;rosidl_typesupport_introspection_c
[0.924s] -- Found rosidl_adapter: 3.1.6 (/opt/ros/humble/share/rosidl_adapter/cmake)
[1.029s] -- Using all available rosidl_typesupport_cpp: rosidl_typesupport_fastrtps_cpp;rosidl_typesupport_introspection_cpp
[1.172s] -- Found ament_cmake_ros: 0.10.0 (/opt/ros/humble/share/ament_cmake_ros/cmake)
[1.288s] -- Using all available rosidl_typesupport_c: rosidl_typesupport_fastrtps_c;rosidl_typesupport_introspection_c
[1.433s] -- Using all available rosidl_typesupport_cpp: rosidl_typesupport_fastrtps_cpp;rosidl_typesupport_introspection_cpp
[1.489s] -- Found PythonInterp: /usr/bin/python3 (found suitable version "3.10.12", minimum required is "3.6") 
[1.492s] -- Found python_cmake_module: 0.10.0 (/opt/ros/humble/share/python_cmake_module/cmake)
[1.654s] -- Found PythonLibs: /usr/lib/x86_64-linux-gnu/libpython3.10.so (found suitable version "3.10.12", minimum required is "3.5") 
[1.654s] -- Using PYTHON_EXECUTABLE: /usr/bin/python3
[1.655s] -- Using PYTHON_INCLUDE_DIRS: /usr/include/python3.10
[1.655s] -- Using PYTHON_LIBRARIES: /usr/lib/x86_64-linux-gnu/libpython3.10.so
[1.667s] -- Found PythonExtra: .so  
[1.728s] -- Added test 'cppcheck' to perform static code analysis on C / C++ code
[1.728s] -- Configured cppcheck include dirs: 
[1.728s] -- Configured cppcheck exclude dirs and/or files: 
[1.731s] -- Added test 'flake8' to check Python code syntax and style conventions
[1.737s] -- Added test 'lint_cmake' to check CMake code style
[1.740s] -- Added test 'pep257' to check Python code against some of the docstring style conventions in PEP 257
[1.760s] -- Added test 'uncrustify' to check C / C++ code style
[1.761s] -- Configured uncrustify additional arguments: 
[1.764s] -- Added test 'xmllint' to check XML markup files
[1.771s] -- Configuring done
[1.795s] -- Generating done
[1.801s] -- Build files have been written to: /home/maksim/KT1_ROS/build/custom_msgs
[1.806s] Invoked command in '/home/maksim/KT1_ROS/build/custom_msgs' returned '0': CMAKE_PREFIX_PATH=${CMAKE_PREFIX_PATH}:/home/maksim/KT1_ROS/ros2_pose/install/move_with_obstacle:/opt/ros/humble /usr/bin/cmake /home/maksim/KT1_ROS/custom_msgs -DCMAKE_INSTALL_PREFIX=/home/maksim/KT1_ROS/install/custom_msgs
[1.807s] Invoking command in '/home/maksim/KT1_ROS/build/custom_msgs': CMAKE_PREFIX_PATH=${CMAKE_PREFIX_PATH}:/home/maksim/KT1_ROS/ros2_pose/install/move_with_obstacle:/opt/ros/humble /usr/bin/cmake --build /home/maksim/KT1_ROS/build/custom_msgs -- -j12 -l12
[1.829s] [  3%] [34m[1mGenerating C code for ROS interfaces[0m
[1.835s] [  6%] [34m[1mGenerating C++ code for ROS interfaces[0m
[1.840s] [  6%] Built target ament_cmake_python_copy_custom_msgs
[1.989s] [  6%] Built target custom_msgs__cpp
[1.996s] [ 16%] [34m[1mGenerating C++ type support dispatch for ROS interfaces[0m
[1.996s] [ 16%] [34m[1mGenerating C++ introspection for ROS interfaces[0m
[1.996s] [ 16%] [34m[1mGenerating C++ type support for eProsima Fast-RTPS[0m
[2.023s] [ 19%] [32mBuilding C object CMakeFiles/custom_msgs__rosidl_generator_c.dir/rosidl_generator_c/custom_msgs/msg/detail/pose2_d__functions.c.o[0m
[2.023s] running egg_info
[2.024s] creating custom_msgs.egg-info
[2.024s] writing custom_msgs.egg-info/PKG-INFO
[2.024s] writing dependency_links to custom_msgs.egg-info/dependency_links.txt
[2.025s] writing top-level names to custom_msgs.egg-info/top_level.txt
[2.025s] writing manifest file 'custom_msgs.egg-info/SOURCES.txt'
[2.027s] reading manifest file 'custom_msgs.egg-info/SOURCES.txt'
[2.028s] writing manifest file 'custom_msgs.egg-info/SOURCES.txt'
[2.049s] [ 19%] Built target ament_cmake_python_build_custom_msgs_egg
[2.074s] [ 22%] [32m[1mLinking C shared library libcustom_msgs__rosidl_generator_c.so[0m
[2.132s] [ 22%] Built target custom_msgs__rosidl_generator_c
[2.138s] [ 29%] [34m[1mGenerating C type support dispatch for ROS interfaces[0m
[2.139s] [ 29%] [34m[1mGenerating C type support for eProsima Fast-RTPS[0m
[2.139s] [ 32%] [34m[1mGenerating C introspection for ROS interfaces[0m
[2.154s] [ 35%] [32mBuilding CXX object CMakeFiles/custom_msgs__rosidl_typesupport_introspection_cpp.dir/rosidl_typesupport_introspection_cpp/custom_msgs/msg/detail/pose2_d__type_support.cpp.o[0m
[2.161s] [ 38%] [32mBuilding CXX object CMakeFiles/custom_msgs__rosidl_typesupport_cpp.dir/rosidl_typesupport_cpp/custom_msgs/msg/pose2_d__type_support.cpp.o[0m
[2.184s] [ 41%] [32mBuilding CXX object CMakeFiles/custom_msgs__rosidl_typesupport_fastrtps_cpp.dir/rosidl_typesupport_fastrtps_cpp/custom_msgs/msg/detail/dds_fastrtps/pose2_d__type_support.cpp.o[0m
[2.311s] [ 45%] [32mBuilding CXX object CMakeFiles/custom_msgs__rosidl_typesupport_c.dir/rosidl_typesupport_c/custom_msgs/msg/pose2_d__type_support.cpp.o[0m
[2.331s] [ 48%] [32mBuilding C object CMakeFiles/custom_msgs__rosidl_typesupport_introspection_c.dir/rosidl_typesupport_introspection_c/custom_msgs/msg/detail/pose2_d__type_support.c.o[0m
[2.334s] [ 51%] [32m[1mLinking CXX shared library libcustom_msgs__rosidl_typesupport_c.so[0m
[2.338s] [ 54%] [32mBuilding CXX object CMakeFiles/custom_msgs__rosidl_typesupport_fastrtps_c.dir/rosidl_typesupport_fastrtps_c/custom_msgs/msg/detail/pose2_d__type_support_c.cpp.o[0m
[2.354s] [ 58%] [32m[1mLinking C shared library libcustom_msgs__rosidl_typesupport_introspection_c.so[0m
[2.355s] [ 61%] [32m[1mLinking CXX shared library libcustom_msgs__rosidl_typesupport_cpp.so[0m
[2.398s] [ 61%] Built target custom_msgs__rosidl_typesupport_introspection_c
[2.398s] [ 61%] Built target custom_msgs__rosidl_typesupport_c
[2.404s] [ 61%] Built target custom_msgs__rosidl_typesupport_cpp
[2.468s] [ 64%] [32m[1mLinking CXX shared library libcustom_msgs__rosidl_typesupport_introspection_cpp.so[0m
[2.480s] [ 67%] [32m[1mLinking CXX shared library libcustom_msgs__rosidl_typesupport_fastrtps_cpp.so[0m
[2.523s] [ 67%] Built target custom_msgs__rosidl_typesupport_introspection_cpp
[2.561s] [ 67%] Built target custom_msgs__rosidl_typesupport_fastrtps_cpp
[2.562s] [ 70%] [32m[1mLinking CXX shared library libcustom_msgs__rosidl_typesupport_fastrtps_c.so[0m
[2.632s] [ 70%] Built target custom_msgs__rosidl_typesupport_fastrtps_c
[2.643s] [ 70%] Built target custom_msgs
[2.654s] [ 74%] [34m[1mGenerating Python code for ROS interfaces[0m
[2.828s] [ 74%] Built target custom_msgs__py
[2.839s] [ 77%] [32mBuilding C object CMakeFiles/custom_msgs__rosidl_generator_py.dir/rosidl_generator_py/custom_msgs/msg/_pose2_d_s.c.o[0m
[2.927s] [ 80%] [32m[1mLinking C shared library rosidl_generator_py/custom_msgs/libcustom_msgs__rosidl_generator_py.so[0m
[2.977s] [ 80%] Built target custom_msgs__rosidl_generator_py
[2.989s] [ 87%] [32mBuilding C object CMakeFiles/custom_msgs__rosidl_typesupport_fastrtps_c__pyext.dir/rosidl_generator_py/custom_msgs/_custom_msgs_s.ep.rosidl_typesupport_fastrtps_c.c.o[0m
[2.989s] [ 87%] [32mBuilding C object CMakeFiles/custom_msgs__rosidl_typesupport_introspection_c__pyext.dir/rosidl_generator_py/custom_msgs/_custom_msgs_s.ep.rosidl_typesupport_introspection_c.c.o[0m
[2.989s] [ 90%] [32mBuilding C object CMakeFiles/custom_msgs__rosidl_typesupport_c__pyext.dir/rosidl_generator_py/custom_msgs/_custom_msgs_s.ep.rosidl_typesupport_c.c.o[0m
[3.040s] [ 96%] [32m[1mLinking C shared library rosidl_generator_py/custom_msgs/custom_msgs_s__rosidl_typesupport_introspection_c.cpython-310-x86_64-linux-gnu.so[0m
[3.041s] [ 96%] [32m[1mLinking C shared library rosidl_generator_py/custom_msgs/custom_msgs_s__rosidl_typesupport_c.cpython-310-x86_64-linux-gnu.so[0m
[3.043s] [100%] [32m[1mLinking C shared library rosidl_generator_py/custom_msgs/custom_msgs_s__rosidl_typesupport_fastrtps_c.cpython-310-x86_64-linux-gnu.so[0m
[3.080s] [100%] Built target custom_msgs__rosidl_typesupport_introspection_c__pyext
[3.080s] [100%] Built target custom_msgs__rosidl_typesupport_c__pyext
[3.095s] [100%] Built target custom_msgs__rosidl_typesupport_fastrtps_c__pyext
[3.102s] Invoked command in '/home/maksim/KT1_ROS/build/custom_msgs' returned '0': CMAKE_PREFIX_PATH=${CMAKE_PREFIX_PATH}:/home/maksim/KT1_ROS/ros2_pose/install/move_with_obstacle:/opt/ros/humble /usr/bin/cmake --build /home/maksim/KT1_ROS/build/custom_msgs -- -j12 -l12
[3.108s] Invoking command in '/home/maksim/KT1_ROS/build/custom_msgs': CMAKE_PREFIX_PATH=${CMAKE_PREFIX_PATH}:/home/maksim/KT1_ROS/ros2_pose/install/move_with_obstacle:/opt/ros/humble /usr/bin/cmake --install /home/maksim/KT1_ROS/build/custom_msgs
[3.111s] -- Install configuration: ""
[3.112s] -- Installing: /home/maksim/KT1_ROS/install/custom_msgs/share/ament_index/resource_index/rosidl_interfaces/custom_msgs
[3.112s] -- Installing: /home/maksim/KT1_ROS/install/custom_msgs/include/custom_msgs/custom_msgs
[3.113s] -- Installing: /home/maksim/KT1_ROS/install/custom_msgs/include/custom_msgs/custom_msgs/msg
[3.113s] -- Installing: /home/maksim/KT1_ROS/install/custom_msgs/include/custom_msgs/custom_msgs/msg/pose2_d.h
[3.113s] -- Installing: /home/maksim/KT1_ROS/install/custom_msgs/include/custom_msgs/custom_msgs/msg/detail
[3.114s] -- Installing: /home/maksim/KT1_ROS/install/custom_msgs/include/custom_msgs/custom_msgs/msg/detail/pose2_d__functions.h
[3.114s] -- Installing: /home/maksim/KT1_ROS/install/custom_msgs/include/custom_msgs/custom_msgs/msg/detail/pose2_d__functions.c
[3.114s] -- Installing: /home/maksim/KT1_ROS/install/custom_msgs/include/custom_msgs/custom_msgs/msg/detail/pose2_d__struct.h
[3.114s] -- Installing: /home/maksim/KT1_ROS/install/custom_msgs/include/custom_msgs/custom_msgs/msg/detail/pose2_d__type_support.h
[3.114s] -- Installing: /home/maksim/KT1_ROS/install/custom_msgs/include/custom_msgs/custom_msgs/msg/rosidl_generator_c__visibility_control.h
[3.114s] -- Installing: /home/maksim/KT1_ROS/install/custom_msgs/share/custom_msgs/environment/library_path.sh
[3.114s] -- Installing: /home/maksim/KT1_ROS/install/custom_msgs/share/custom_msgs/environment/library_path.dsv
[3.114s] -- Installing: /home/maksim/KT1_ROS/install/custom_msgs/lib/libcustom_msgs__rosidl_generator_c.so
[3.115s] -- Set runtime path of "/home/maksim/KT1_ROS/install/custom_msgs/lib/libcustom_msgs__rosidl_generator_c.so" to ""
[3.115s] -- Up-to-date: /home/maksim/KT1_ROS/install/custom_msgs/include/custom_msgs/custom_msgs
[3.115s] -- Up-to-date: /home/maksim/KT1_ROS/install/custom_msgs/include/custom_msgs/custom_msgs/msg
[3.115s] -- Up-to-date: /home/maksim/KT1_ROS/install/custom_msgs/include/custom_msgs/custom_msgs/msg/detail
[3.115s] -- Installing: /home/maksim/KT1_ROS/install/custom_msgs/include/custom_msgs/custom_msgs/msg/detail/pose2_d__rosidl_typesupport_fastrtps_c.h
[3.115s] -- Installing: /home/maksim/KT1_ROS/install/custom_msgs/include/custom_msgs/custom_msgs/msg/rosidl_typesupport_fastrtps_c__visibility_control.h
[3.115s] -- Installing: /home/maksim/KT1_ROS/install/custom_msgs/lib/libcustom_msgs__rosidl_typesupport_fastrtps_c.so
[3.115s] -- Set runtime path of "/home/maksim/KT1_ROS/install/custom_msgs/lib/libcustom_msgs__rosidl_typesupport_fastrtps_c.so" to ""
[3.115s] -- Up-to-date: /home/maksim/KT1_ROS/install/custom_msgs/include/custom_msgs/custom_msgs
[3.116s] -- Up-to-date: /home/maksim/KT1_ROS/install/custom_msgs/include/custom_msgs/custom_msgs/msg
[3.116s] -- Up-to-date: /home/maksim/KT1_ROS/install/custom_msgs/include/custom_msgs/custom_msgs/msg/detail
[3.116s] -- Installing: /home/maksim/KT1_ROS/install/custom_msgs/include/custom_msgs/custom_msgs/msg/detail/pose2_d__type_support.c
[3.116s] -- Installing: /home/maksim/KT1_ROS/install/custom_msgs/include/custom_msgs/custom_msgs/msg/detail/pose2_d__rosidl_typesupport_introspection_c.h
[3.116s] -- Installing: /home/maksim/KT1_ROS/install/custom_msgs/include/custom_msgs/custom_msgs/msg/rosidl_typesupport_introspection_c__visibility_control.h
[3.116s] -- Installing: /home/maksim/KT1_ROS/install/custom_msgs/lib/libcustom_msgs__rosidl_typesupport_introspection_c.so
[3.116s] -- Set runtime path of "/home/maksim/KT1_ROS/install/custom_msgs/lib/libcustom_msgs__rosidl_typesupport_introspection_c.so" to ""
[3.116s] -- Installing: /home/maksim/KT1_ROS/install/custom_msgs/lib/libcustom_msgs__rosidl_typesupport_c.so
[3.116s] -- Set runtime path of "/home/maksim/KT1_ROS/install/custom_msgs/lib/libcustom_msgs__rosidl_typesupport_c.so" to ""
[3.116s] -- Up-to-date: /home/maksim/KT1_ROS/install/custom_msgs/include/custom_msgs/custom_msgs
[3.116s] -- Up-to-date: /home/maksim/KT1_ROS/install/custom_msgs/include/custom_msgs/custom_msgs/msg
[3.116s] -- Up-to-date: /home/maksim/KT1_ROS/install/custom_msgs/include/custom_msgs/custom_msgs/msg/detail
[3.116s] -- Installing: /home/maksim/KT1_ROS/install/custom_msgs/include/custom_msgs/custom_msgs/msg/detail/pose2_d__type_support.hpp
[3.117s] -- Installing: /home/maksim/KT1_ROS/install/custom_msgs/include/custom_msgs/custom_msgs/msg/detail/pose2_d__struct.hpp
[3.117s] -- Installing: /home/maksim/KT1_ROS/install/custom_msgs/include/custom_msgs/custom_msgs/msg/detail/pose2_d__traits.hpp
[3.117s] -- Installing: /home/maksim/KT1_ROS/install/custom_msgs/include/custom_msgs/custom_msgs/msg/detail/pose2_d__builder.hpp
[3.117s] -- Installing: /home/maksim/KT1_ROS/install/custom_msgs/include/custom_msgs/custom_msgs/msg/rosidl_generator_cpp__visibility_control.hpp
[3.117s] -- Installing: /home/maksim/KT1_ROS/install/custom_msgs/include/custom_msgs/custom_msgs/msg/pose2_d.hpp
[3.117s] -- Up-to-date: /home/maksim/KT1_ROS/install/custom_msgs/include/custom_msgs/custom_msgs
[3.117s] -- Up-to-date: /home/maksim/KT1_ROS/install/custom_msgs/include/custom_msgs/custom_msgs/msg
[3.117s] -- Up-to-date: /home/maksim/KT1_ROS/install/custom_msgs/include/custom_msgs/custom_msgs/msg/detail
[3.117s] -- Installing: /home/maksim/KT1_ROS/install/custom_msgs/include/custom_msgs/custom_msgs/msg/detail/dds_fastrtps
[3.117s] -- Installing: /home/maksim/KT1_ROS/install/custom_msgs/include/custom_msgs/custom_msgs/msg/detail/pose2_d__rosidl_typesupport_fastrtps_cpp.hpp
[3.117s] -- Installing: /home/maksim/KT1_ROS/install/custom_msgs/include/custom_msgs/custom_msgs/msg/rosidl_typesupport_fastrtps_cpp__visibility_control.h
[3.118s] -- Installing: /home/maksim/KT1_ROS/install/custom_msgs/lib/libcustom_msgs__rosidl_typesupport_fastrtps_cpp.so
[3.118s] -- Set runtime path of "/home/maksim/KT1_ROS/install/custom_msgs/lib/libcustom_msgs__rosidl_typesupport_fastrtps_cpp.so" to ""
[3.118s] -- Up-to-date: /home/maksim/KT1_ROS/install/custom_msgs/include/custom_msgs/custom_msgs
[3.118s] -- Up-to-date: /home/maksim/KT1_ROS/install/custom_msgs/include/custom_msgs/custom_msgs/msg
[3.118s] -- Up-to-date: /home/maksim/KT1_ROS/install/custom_msgs/include/custom_msgs/custom_msgs/msg/detail
[3.118s] -- Installing: /home/maksim/KT1_ROS/install/custom_msgs/include/custom_msgs/custom_msgs/msg/detail/pose2_d__type_support.cpp
[3.118s] -- Installing: /home/maksim/KT1_ROS/install/custom_msgs/include/custom_msgs/custom_msgs/msg/detail/pose2_d__rosidl_typesupport_introspection_cpp.hpp
[3.118s] -- Installing: /home/maksim/KT1_ROS/install/custom_msgs/lib/libcustom_msgs__rosidl_typesupport_introspection_cpp.so
[3.118s] -- Set runtime path of "/home/maksim/KT1_ROS/install/custom_msgs/lib/libcustom_msgs__rosidl_typesupport_introspection_cpp.so" to ""
[3.118s] -- Installing: /home/maksim/KT1_ROS/install/custom_msgs/lib/libcustom_msgs__rosidl_typesupport_cpp.so
[3.118s] -- Set runtime path of "/home/maksim/KT1_ROS/install/custom_msgs/lib/libcustom_msgs__rosidl_typesupport_cpp.so" to ""
[3.118s] -- Installing: /home/maksim/KT1_ROS/install/custom_msgs/share/custom_msgs/environment/pythonpath.sh
[3.118s] -- Installing: /home/maksim/KT1_ROS/install/custom_msgs/share/custom_msgs/environment/pythonpath.dsv
[3.119s] -- Installing: /home/maksim/KT1_ROS/install/custom_msgs/local/lib/python3.10/dist-packages/custom_msgs-0.0.0-py3.10.egg-info
[3.119s] -- Installing: /home/maksim/KT1_ROS/install/custom_msgs/local/lib/python3.10/dist-packages/custom_msgs-0.0.0-py3.10.egg-info/dependency_links.txt
[3.119s] -- Installing: /home/maksim/KT1_ROS/install/custom_msgs/local/lib/python3.10/dist-packages/custom_msgs-0.0.0-py3.10.egg-info/top_level.txt
[3.119s] -- Installing: /home/maksim/KT1_ROS/install/custom_msgs/local/lib/python3.10/dist-packages/custom_msgs-0.0.0-py3.10.egg-info/SOURCES.txt
[3.119s] -- Installing: /home/maksim/KT1_ROS/install/custom_msgs/local/lib/python3.10/dist-packages/custom_msgs-0.0.0-py3.10.egg-info/PKG-INFO
[3.120s] -- Installing: /home/maksim/KT1_ROS/install/custom_msgs/local/lib/python3.10/dist-packages/custom_msgs
[3.120s] -- Installing: /home/maksim/KT1_ROS/install/custom_msgs/local/lib/python3.10/dist-packages/custom_msgs/custom_msgs_s__rosidl_typesupport_fastrtps_c.cpython-310-x86_64-linux-gnu.so
[3.120s] -- Installing: /home/maksim/KT1_ROS/install/custom_msgs/local/lib/python3.10/dist-packages/custom_msgs/custom_msgs_s__rosidl_typesupport_c.cpython-310-x86_64-linux-gnu.so
[3.120s] -- Installing: /home/maksim/KT1_ROS/install/custom_msgs/local/lib/python3.10/dist-packages/custom_msgs/_custom_msgs_s.ep.rosidl_typesupport_introspection_c.c
[3.120s] -- Installing: /home/maksim/KT1_ROS/install/custom_msgs/local/lib/python3.10/dist-packages/custom_msgs/msg
[3.120s] -- Installing: /home/maksim/KT1_ROS/install/custom_msgs/local/lib/python3.10/dist-packages/custom_msgs/msg/_pose2_d.py
[3.120s] -- Installing: /home/maksim/KT1_ROS/install/custom_msgs/local/lib/python3.10/dist-packages/custom_msgs/msg/__init__.py
[3.120s] -- Installing: /home/maksim/KT1_ROS/install/custom_msgs/local/lib/python3.10/dist-packages/custom_msgs/msg/_pose2_d_s.c
[3.120s] -- Installing: /home/maksim/KT1_ROS/install/custom_msgs/local/lib/python3.10/dist-packages/custom_msgs/libcustom_msgs__rosidl_generator_py.so
[3.120s] -- Installing: /home/maksim/KT1_ROS/install/custom_msgs/local/lib/python3.10/dist-packages/custom_msgs/custom_msgs_s__rosidl_typesupport_introspection_c.cpython-310-x86_64-linux-gnu.so
[3.121s] -- Installing: /home/maksim/KT1_ROS/install/custom_msgs/local/lib/python3.10/dist-packages/custom_msgs/__init__.py
[3.121s] -- Installing: /home/maksim/KT1_ROS/install/custom_msgs/local/lib/python3.10/dist-packages/custom_msgs/_custom_msgs_s.ep.rosidl_typesupport_c.c
[3.121s] -- Installing: /home/maksim/KT1_ROS/install/custom_msgs/local/lib/python3.10/dist-packages/custom_msgs/_custom_msgs_s.ep.rosidl_typesupport_fastrtps_c.c
[3.142s] Listing '/home/maksim/KT1_ROS/install/custom_msgs/local/lib/python3.10/dist-packages/custom_msgs'...
[3.142s] Compiling '/home/maksim/KT1_ROS/install/custom_msgs/local/lib/python3.10/dist-packages/custom_msgs/__init__.py'...
[3.142s] Listing '/home/maksim/KT1_ROS/install/custom_msgs/local/lib/python3.10/dist-packages/custom_msgs/msg'...
[3.142s] Compiling '/home/maksim/KT1_ROS/install/custom_msgs/local/lib/python3.10/dist-packages/custom_msgs/msg/__init__.py'...
[3.142s] Compiling '/home/maksim/KT1_ROS/install/custom_msgs/local/lib/python3.10/dist-packages/custom_msgs/msg/_pose2_d.py'...
[3.144s] -- Installing: /home/maksim/KT1_ROS/install/custom_msgs/local/lib/python3.10/dist-packages/custom_msgs/custom_msgs_s__rosidl_typesupport_fastrtps_c.cpython-310-x86_64-linux-gnu.so
[3.145s] -- Set runtime path of "/home/maksim/KT1_ROS/install/custom_msgs/local/lib/python3.10/dist-packages/custom_msgs/custom_msgs_s__rosidl_typesupport_fastrtps_c.cpython-310-x86_64-linux-gnu.so" to ""
[3.145s] -- Installing: /home/maksim/KT1_ROS/install/custom_msgs/local/lib/python3.10/dist-packages/custom_msgs/custom_msgs_s__rosidl_typesupport_introspection_c.cpython-310-x86_64-linux-gnu.so
[3.145s] -- Set runtime path of "/home/maksim/KT1_ROS/install/custom_msgs/local/lib/python3.10/dist-packages/custom_msgs/custom_msgs_s__rosidl_typesupport_introspection_c.cpython-310-x86_64-linux-gnu.so" to ""
[3.145s] -- Installing: /home/maksim/KT1_ROS/install/custom_msgs/local/lib/python3.10/dist-packages/custom_msgs/custom_msgs_s__rosidl_typesupport_c.cpython-310-x86_64-linux-gnu.so
[3.145s] -- Set runtime path of "/home/maksim/KT1_ROS/install/custom_msgs/local/lib/python3.10/dist-packages/custom_msgs/custom_msgs_s__rosidl_typesupport_c.cpython-310-x86_64-linux-gnu.so" to ""
[3.145s] -- Installing: /home/maksim/KT1_ROS/install/custom_msgs/lib/libcustom_msgs__rosidl_generator_py.so
[3.146s] -- Set runtime path of "/home/maksim/KT1_ROS/install/custom_msgs/lib/libcustom_msgs__rosidl_generator_py.so" to ""
[3.146s] -- Installing: /home/maksim/KT1_ROS/install/custom_msgs/share/custom_msgs/msg/Pose2D.idl
[3.146s] -- Installing: /home/maksim/KT1_ROS/install/custom_msgs/share/custom_msgs/msg/Pose2D.msg
[3.146s] -- Installing: /home/maksim/KT1_ROS/install/custom_msgs/share/ament_index/resource_index/package_run_dependencies/custom_msgs
[3.146s] -- Installing: /home/maksim/KT1_ROS/install/custom_msgs/share/ament_index/resource_index/parent_prefix_path/custom_msgs
[3.147s] -- Installing: /home/maksim/KT1_ROS/install/custom_msgs/share/custom_msgs/environment/ament_prefix_path.sh
[3.147s] -- Installing: /home/maksim/KT1_ROS/install/custom_msgs/share/custom_msgs/environment/ament_prefix_path.dsv
[3.147s] -- Installing: /home/maksim/KT1_ROS/install/custom_msgs/share/custom_msgs/environment/path.sh
[3.147s] -- Installing: /home/maksim/KT1_ROS/install/custom_msgs/share/custom_msgs/environment/path.dsv
[3.147s] -- Installing: /home/maksim/KT1_ROS/install/custom_msgs/share/custom_msgs/local_setup.bash
[3.147s] -- Installing: /home/maksim/KT1_ROS/install/custom_msgs/share/custom_msgs/local_setup.sh
[3.147s] -- Installing: /home/maksim/KT1_ROS/install/custom_msgs/share/custom_msgs/local_setup.zsh
[3.147s] -- Installing: /home/maksim/KT1_ROS/install/custom_msgs/share/custom_msgs/local_setup.dsv
[3.148s] -- Installing: /home/maksim/KT1_ROS/install/custom_msgs/share/custom_msgs/package.dsv
[3.148s] -- Installing: /home/maksim/KT1_ROS/install/custom_msgs/share/ament_index/resource_index/packages/custom_msgs
[3.148s] -- Installing: /home/maksim/KT1_ROS/install/custom_msgs/share/custom_msgs/cmake/export_custom_msgs__rosidl_generator_cExport.cmake
[3.148s] -- Installing: /home/maksim/KT1_ROS/install/custom_msgs/share/custom_msgs/cmake/export_custom_msgs__rosidl_generator_cExport-noconfig.cmake
[3.148s] -- Installing: /home/maksim/KT1_ROS/install/custom_msgs/share/custom_msgs/cmake/export_custom_msgs__rosidl_typesupport_fastrtps_cExport.cmake
[3.148s] -- Installing: /home/maksim/KT1_ROS/install/custom_msgs/share/custom_msgs/cmake/export_custom_msgs__rosidl_typesupport_fastrtps_cExport-noconfig.cmake
[3.148s] -- Installing: /home/maksim/KT1_ROS/install/custom_msgs/share/custom_msgs/cmake/custom_msgs__rosidl_typesupport_introspection_cExport.cmake
[3.148s] -- Installing: /home/maksim/KT1_ROS/install/custom_msgs/share/custom_msgs/cmake/custom_msgs__rosidl_typesupport_introspection_cExport-noconfig.cmake
[3.149s] -- Installing: /home/maksim/KT1_ROS/install/custom_msgs/share/custom_msgs/cmake/custom_msgs__rosidl_typesupport_cExport.cmake
[3.149s] -- Installing: /home/maksim/KT1_ROS/install/custom_msgs/share/custom_msgs/cmake/custom_msgs__rosidl_typesupport_cExport-noconfig.cmake
[3.149s] -- Installing: /home/maksim/KT1_ROS/install/custom_msgs/share/custom_msgs/cmake/export_custom_msgs__rosidl_generator_cppExport.cmake
[3.149s] -- Installing: /home/maksim/KT1_ROS/install/custom_msgs/share/custom_msgs/cmake/export_custom_msgs__rosidl_typesupport_fastrtps_cppExport.cmake
[3.149s] -- Installing: /home/maksim/KT1_ROS/install/custom_msgs/share/custom_msgs/cmake/export_custom_msgs__rosidl_typesupport_fastrtps_cppExport-noconfig.cmake
[3.149s] -- Installing: /home/maksim/KT1_ROS/install/custom_msgs/share/custom_msgs/cmake/custom_msgs__rosidl_typesupport_introspection_cppExport.cmake
[3.149s] -- Installing: /home/maksim/KT1_ROS/install/custom_msgs/share/custom_msgs/cmake/custom_msgs__rosidl_typesupport_introspection_cppExport-noconfig.cmake
[3.149s] -- Installing: /home/maksim/KT1_ROS/install/custom_msgs/share/custom_msgs/cmake/custom_msgs__rosidl_typesupport_cppExport.cmake
[3.149s] -- Installing: /home/maksim/KT1_ROS/install/custom_msgs/share/custom_msgs/cmake/custom_msgs__rosidl_typesupport_cppExport-noconfig.cmake
[3.150s] -- Installing: /home/maksim/KT1_ROS/install/custom_msgs/share/custom_msgs/cmake/export_custom_msgs__rosidl_generator_pyExport.cmake
[3.150s] -- Installing: /home/maksim/KT1_ROS/install/custom_msgs/share/custom_msgs/cmake/export_custom_msgs__rosidl_generator_pyExport-noconfig.cmake
[3.150s] -- Installing: /home/maksim/KT1_ROS/install/custom_msgs/share/custom_msgs/cmake/rosidl_cmake-extras.cmake
[3.150s] -- Installing: /home/maksim/KT1_ROS/install/custom_msgs/share/custom_msgs/cmake/ament_cmake_export_include_directories-extras.cmake
[3.150s] -- Installing: /home/maksim/KT1_ROS/install/custom_msgs/share/custom_msgs/cmake/ament_cmake_export_libraries-extras.cmake
[3.150s] -- Installing: /home/maksim/KT1_ROS/install/custom_msgs/share/custom_msgs/cmake/ament_cmake_export_targets-extras.cmake
[3.150s] -- Installing: /home/maksim/KT1_ROS/install/custom_msgs/share/custom_msgs/cmake/rosidl_cmake_export_typesupport_targets-extras.cmake
[3.150s] -- Installing: /home/maksim/KT1_ROS/install/custom_msgs/share/custom_msgs/cmake/ament_cmake_export_dependencies-extras.cmake
[3.150s] -- Installing: /home/maksim/KT1_ROS/install/custom_msgs/share/custom_msgs/cmake/rosidl_cmake_export_typesupport_libraries-extras.cmake
[3.151s] -- Installing: /home/maksim/KT1_ROS/install/custom_msgs/share/custom_msgs/cmake/custom_msgsConfig.cmake
[3.151s] -- Installing: /home/maksim/KT1_ROS/install/custom_msgs/share/custom_msgs/cmake/custom_msgsConfig-version.cmake
[3.151s] -- Installing: /home/maksim/KT1_ROS/install/custom_msgs/share/custom_msgs/package.xml
[3.152s] Invoked command in '/home/maksim/KT1_ROS/build/custom_msgs' returned '0': CMAKE_PREFIX_PATH=${CMAKE_PREFIX_PATH}:/home/maksim/KT1_ROS/ros2_pose/install/move_with_obstacle:/opt/ros/humble /usr/bin/cmake --install /home/maksim/KT1_ROS/build/custom_msgs
