[0.397s] Invoking command in '/home/maksim/ros2_pose/move_with_obstacle': PYTHONPATH=/home/maksim/ros2_pose/build/move_with_obstacle/prefix_override:/usr/lib/python3/dist-packages/colcon_core/task/python/colcon_distutils_commands:/home/maksim/ros2_pose/install/move_with_obstacle/lib/python3.10/site-packages:${PYTHONPATH} /usr/bin/python3 -W ignore:setup.py install is deprecated -W ignore:easy_install command is deprecated setup.py egg_info --egg-base ../build/move_with_obstacle build --build-base /home/maksim/ros2_pose/build/move_with_obstacle/build install --record /home/maksim/ros2_pose/build/move_with_obstacle/install.log --single-version-externally-managed install_data
[0.542s] running egg_info
[0.542s] writing ../build/move_with_obstacle/move_with_obstacle.egg-info/PKG-INFO
[0.543s] writing dependency_links to ../build/move_with_obstacle/move_with_obstacle.egg-info/dependency_links.txt
[0.543s] writing entry points to ../build/move_with_obstacle/move_with_obstacle.egg-info/entry_points.txt
[0.543s] writing requirements to ../build/move_with_obstacle/move_with_obstacle.egg-info/requires.txt
[0.543s] writing top-level names to ../build/move_with_obstacle/move_with_obstacle.egg-info/top_level.txt
[0.544s] reading manifest file '../build/move_with_obstacle/move_with_obstacle.egg-info/SOURCES.txt'
[0.544s] writing manifest file '../build/move_with_obstacle/move_with_obstacle.egg-info/SOURCES.txt'
[0.544s] running build
[0.544s] running build_py
[0.545s] running install
[0.545s] running install_lib
[0.545s] running install_data
[0.546s] running install_egg_info
[0.547s] removing '/home/maksim/ros2_pose/install/move_with_obstacle/lib/python3.10/site-packages/move_with_obstacle-0.0.0-py3.10.egg-info' (and everything under it)
[0.547s] Copying ../build/move_with_obstacle/move_with_obstacle.egg-info to /home/maksim/ros2_pose/install/move_with_obstacle/lib/python3.10/site-packages/move_with_obstacle-0.0.0-py3.10.egg-info
[0.548s] running install_scripts
[0.562s] Installing obstacles script to /home/maksim/ros2_pose/install/move_with_obstacle/lib/move_with_obstacle
[0.562s] Installing test_zaicev script to /home/maksim/ros2_pose/install/move_with_obstacle/lib/move_with_obstacle
[0.562s] writing list of installed files to '/home/maksim/ros2_pose/build/move_with_obstacle/install.log'
[0.582s] Invoked command in '/home/maksim/ros2_pose/move_with_obstacle' returned '0': PYTHONPATH=/home/maksim/ros2_pose/build/move_with_obstacle/prefix_override:/usr/lib/python3/dist-packages/colcon_core/task/python/colcon_distutils_commands:/home/maksim/ros2_pose/install/move_with_obstacle/lib/python3.10/site-packages:${PYTHONPATH} /usr/bin/python3 -W ignore:setup.py install is deprecated -W ignore:easy_install command is deprecated setup.py egg_info --egg-base ../build/move_with_obstacle build --build-base /home/maksim/ros2_pose/build/move_with_obstacle/build install --record /home/maksim/ros2_pose/build/move_with_obstacle/install.log --single-version-externally-managed install_data
