[0.014s] Invoking command in '/home/maksim/KT1_ROS/build/custom_msgs': CMAKE_PREFIX_PATH=${CMAKE_PREFIX_PATH}:/home/maksim/KT1_ROS/install/move_with_obstacle:/home/maksim/KT1_ROS/ros2_pose/install/move_with_obstacle:/opt/ros/humble /usr/bin/cmake --build /home/maksim/KT1_ROS/build/custom_msgs -- -j12 -l12
[0.071s] [  3%] Built target custom_msgs__cpp
[0.072s] [ 12%] Built target custom_msgs__rosidl_generator_c
[0.082s] [ 12%] Built target ament_cmake_python_copy_custom_msgs
[0.085s] [ 22%] Built target custom_msgs__rosidl_typesupport_introspection_c
[0.086s] [ 32%] Built target custom_msgs__rosidl_typesupport_fastrtps_c
[0.086s] [ 54%] Built target custom_msgs__rosidl_typesupport_c
[0.086s] [ 54%] Built target custom_msgs__rosidl_typesupport_introspection_cpp
[0.086s] [ 61%] Built target custom_msgs__rosidl_typesupport_cpp
[0.086s] [ 70%] Built target custom_msgs__rosidl_typesupport_fastrtps_cpp
[0.098s] [ 70%] Built target custom_msgs
[0.111s] [ 74%] Built target custom_msgs__py
[0.127s] [ 80%] Built target custom_msgs__rosidl_generator_py
[0.141s] [ 93%] Built target custom_msgs__rosidl_typesupport_c__pyext
[0.141s] [100%] Built target custom_msgs__rosidl_typesupport_introspection_c__pyext
[0.141s] [100%] Built target custom_msgs__rosidl_typesupport_fastrtps_c__pyext
[0.231s] running egg_info
[0.231s] writing custom_msgs.egg-info/PKG-INFO
[0.231s] writing dependency_links to custom_msgs.egg-info/dependency_links.txt
[0.232s] writing top-level names to custom_msgs.egg-info/top_level.txt
[0.233s] reading manifest file 'custom_msgs.egg-info/SOURCES.txt'
[0.234s] writing manifest file 'custom_msgs.egg-info/SOURCES.txt'
[0.251s] [100%] Built target ament_cmake_python_build_custom_msgs_egg
[0.257s] Invoked command in '/home/maksim/KT1_ROS/build/custom_msgs' returned '0': CMAKE_PREFIX_PATH=${CMAKE_PREFIX_PATH}:/home/maksim/KT1_ROS/install/move_with_obstacle:/home/maksim/KT1_ROS/ros2_pose/install/move_with_obstacle:/opt/ros/humble /usr/bin/cmake --build /home/maksim/KT1_ROS/build/custom_msgs -- -j12 -l12
[0.264s] Invoking command in '/home/maksim/KT1_ROS/build/custom_msgs': CMAKE_PREFIX_PATH=${CMAKE_PREFIX_PATH}:/home/maksim/KT1_ROS/install/move_with_obstacle:/home/maksim/KT1_ROS/ros2_pose/install/move_with_obstacle:/opt/ros/humble /usr/bin/cmake --install /home/maksim/KT1_ROS/build/custom_msgs
[0.269s] -- Install configuration: ""
[0.269s] -- Up-to-date: /home/maksim/KT1_ROS/install/custom_msgs/share/ament_index/resource_index/rosidl_interfaces/custom_msgs
[0.269s] -- Up-to-date: /home/maksim/KT1_ROS/install/custom_msgs/include/custom_msgs/custom_msgs
[0.269s] -- Up-to-date: /home/maksim/KT1_ROS/install/custom_msgs/include/custom_msgs/custom_msgs/msg
[0.270s] -- Up-to-date: /home/maksim/KT1_ROS/install/custom_msgs/include/custom_msgs/custom_msgs/msg/pose2_d.h
[0.270s] -- Up-to-date: /home/maksim/KT1_ROS/install/custom_msgs/include/custom_msgs/custom_msgs/msg/detail
[0.270s] -- Up-to-date: /home/maksim/KT1_ROS/install/custom_msgs/include/custom_msgs/custom_msgs/msg/detail/pose2_d__functions.h
[0.270s] -- Up-to-date: /home/maksim/KT1_ROS/install/custom_msgs/include/custom_msgs/custom_msgs/msg/detail/pose2_d__functions.c
[0.270s] -- Up-to-date: /home/maksim/KT1_ROS/install/custom_msgs/include/custom_msgs/custom_msgs/msg/detail/pose2_d__struct.h
[0.270s] -- Up-to-date: /home/maksim/KT1_ROS/install/custom_msgs/include/custom_msgs/custom_msgs/msg/detail/pose2_d__type_support.h
[0.270s] -- Up-to-date: /home/maksim/KT1_ROS/install/custom_msgs/include/custom_msgs/custom_msgs/msg/rosidl_generator_c__visibility_control.h
[0.270s] -- Up-to-date: /home/maksim/KT1_ROS/install/custom_msgs/share/custom_msgs/environment/library_path.sh
[0.270s] -- Up-to-date: /home/maksim/KT1_ROS/install/custom_msgs/share/custom_msgs/environment/library_path.dsv
[0.271s] -- Up-to-date: /home/maksim/KT1_ROS/install/custom_msgs/lib/libcustom_msgs__rosidl_generator_c.so
[0.271s] -- Up-to-date: /home/maksim/KT1_ROS/install/custom_msgs/include/custom_msgs/custom_msgs
[0.271s] -- Up-to-date: /home/maksim/KT1_ROS/install/custom_msgs/include/custom_msgs/custom_msgs/msg
[0.271s] -- Up-to-date: /home/maksim/KT1_ROS/install/custom_msgs/include/custom_msgs/custom_msgs/msg/detail
[0.271s] -- Up-to-date: /home/maksim/KT1_ROS/install/custom_msgs/include/custom_msgs/custom_msgs/msg/detail/pose2_d__rosidl_typesupport_fastrtps_c.h
[0.271s] -- Up-to-date: /home/maksim/KT1_ROS/install/custom_msgs/include/custom_msgs/custom_msgs/msg/rosidl_typesupport_fastrtps_c__visibility_control.h
[0.272s] -- Up-to-date: /home/maksim/KT1_ROS/install/custom_msgs/lib/libcustom_msgs__rosidl_typesupport_fastrtps_c.so
[0.272s] -- Up-to-date: /home/maksim/KT1_ROS/install/custom_msgs/include/custom_msgs/custom_msgs
[0.272s] -- Up-to-date: /home/maksim/KT1_ROS/install/custom_msgs/include/custom_msgs/custom_msgs/msg
[0.272s] -- Up-to-date: /home/maksim/KT1_ROS/install/custom_msgs/include/custom_msgs/custom_msgs/msg/detail
[0.273s] -- Up-to-date: /home/maksim/KT1_ROS/install/custom_msgs/include/custom_msgs/custom_msgs/msg/detail/pose2_d__type_support.c
[0.273s] -- Up-to-date: /home/maksim/KT1_ROS/install/custom_msgs/include/custom_msgs/custom_msgs/msg/detail/pose2_d__rosidl_typesupport_introspection_c.h
[0.273s] -- Up-to-date: /home/maksim/KT1_ROS/install/custom_msgs/include/custom_msgs/custom_msgs/msg/rosidl_typesupport_introspection_c__visibility_control.h
[0.273s] -- Up-to-date: /home/maksim/KT1_ROS/install/custom_msgs/lib/libcustom_msgs__rosidl_typesupport_introspection_c.so
[0.273s] -- Up-to-date: /home/maksim/KT1_ROS/install/custom_msgs/lib/libcustom_msgs__rosidl_typesupport_c.so
[0.273s] -- Up-to-date: /home/maksim/KT1_ROS/install/custom_msgs/include/custom_msgs/custom_msgs
[0.273s] -- Up-to-date: /home/maksim/KT1_ROS/install/custom_msgs/include/custom_msgs/custom_msgs/msg
[0.273s] -- Up-to-date: /home/maksim/KT1_ROS/install/custom_msgs/include/custom_msgs/custom_msgs/msg/detail
[0.274s] -- Up-to-date: /home/maksim/KT1_ROS/install/custom_msgs/include/custom_msgs/custom_msgs/msg/detail/pose2_d__type_support.hpp
[0.274s] -- Up-to-date: /home/maksim/KT1_ROS/install/custom_msgs/include/custom_msgs/custom_msgs/msg/detail/pose2_d__struct.hpp
[0.274s] -- Up-to-date: /home/maksim/KT1_ROS/install/custom_msgs/include/custom_msgs/custom_msgs/msg/detail/pose2_d__traits.hpp
[0.274s] -- Up-to-date: /home/maksim/KT1_ROS/install/custom_msgs/include/custom_msgs/custom_msgs/msg/detail/pose2_d__builder.hpp
[0.274s] -- Up-to-date: /home/maksim/KT1_ROS/install/custom_msgs/include/custom_msgs/custom_msgs/msg/rosidl_generator_cpp__visibility_control.hpp
[0.274s] -- Up-to-date: /home/maksim/KT1_ROS/install/custom_msgs/include/custom_msgs/custom_msgs/msg/pose2_d.hpp
[0.274s] -- Up-to-date: /home/maksim/KT1_ROS/install/custom_msgs/include/custom_msgs/custom_msgs
[0.275s] -- Up-to-date: /home/maksim/KT1_ROS/install/custom_msgs/include/custom_msgs/custom_msgs/msg
[0.275s] -- Up-to-date: /home/maksim/KT1_ROS/install/custom_msgs/include/custom_msgs/custom_msgs/msg/detail
[0.275s] -- Up-to-date: /home/maksim/KT1_ROS/install/custom_msgs/include/custom_msgs/custom_msgs/msg/detail/dds_fastrtps
[0.275s] -- Up-to-date: /home/maksim/KT1_ROS/install/custom_msgs/include/custom_msgs/custom_msgs/msg/detail/pose2_d__rosidl_typesupport_fastrtps_cpp.hpp
[0.275s] -- Up-to-date: /home/maksim/KT1_ROS/install/custom_msgs/include/custom_msgs/custom_msgs/msg/rosidl_typesupport_fastrtps_cpp__visibility_control.h
[0.275s] -- Up-to-date: /home/maksim/KT1_ROS/install/custom_msgs/lib/libcustom_msgs__rosidl_typesupport_fastrtps_cpp.so
[0.275s] -- Up-to-date: /home/maksim/KT1_ROS/install/custom_msgs/include/custom_msgs/custom_msgs
[0.275s] -- Up-to-date: /home/maksim/KT1_ROS/install/custom_msgs/include/custom_msgs/custom_msgs/msg
[0.275s] -- Up-to-date: /home/maksim/KT1_ROS/install/custom_msgs/include/custom_msgs/custom_msgs/msg/detail
[0.276s] -- Up-to-date: /home/maksim/KT1_ROS/install/custom_msgs/include/custom_msgs/custom_msgs/msg/detail/pose2_d__type_support.cpp
[0.276s] -- Up-to-date: /home/maksim/KT1_ROS/install/custom_msgs/include/custom_msgs/custom_msgs/msg/detail/pose2_d__rosidl_typesupport_introspection_cpp.hpp
[0.276s] -- Up-to-date: /home/maksim/KT1_ROS/install/custom_msgs/lib/libcustom_msgs__rosidl_typesupport_introspection_cpp.so
[0.276s] -- Up-to-date: /home/maksim/KT1_ROS/install/custom_msgs/lib/libcustom_msgs__rosidl_typesupport_cpp.so
[0.276s] -- Up-to-date: /home/maksim/KT1_ROS/install/custom_msgs/share/custom_msgs/environment/pythonpath.sh
[0.277s] -- Up-to-date: /home/maksim/KT1_ROS/install/custom_msgs/share/custom_msgs/environment/pythonpath.dsv
[0.277s] -- Up-to-date: /home/maksim/KT1_ROS/install/custom_msgs/local/lib/python3.10/dist-packages/custom_msgs-0.0.0-py3.10.egg-info
[0.277s] -- Installing: /home/maksim/KT1_ROS/install/custom_msgs/local/lib/python3.10/dist-packages/custom_msgs-0.0.0-py3.10.egg-info/dependency_links.txt
[0.277s] -- Installing: /home/maksim/KT1_ROS/install/custom_msgs/local/lib/python3.10/dist-packages/custom_msgs-0.0.0-py3.10.egg-info/top_level.txt
[0.277s] -- Installing: /home/maksim/KT1_ROS/install/custom_msgs/local/lib/python3.10/dist-packages/custom_msgs-0.0.0-py3.10.egg-info/SOURCES.txt
[0.277s] -- Installing: /home/maksim/KT1_ROS/install/custom_msgs/local/lib/python3.10/dist-packages/custom_msgs-0.0.0-py3.10.egg-info/PKG-INFO
[0.278s] -- Up-to-date: /home/maksim/KT1_ROS/install/custom_msgs/local/lib/python3.10/dist-packages/custom_msgs
[0.278s] -- Up-to-date: /home/maksim/KT1_ROS/install/custom_msgs/local/lib/python3.10/dist-packages/custom_msgs/custom_msgs_s__rosidl_typesupport_fastrtps_c.cpython-310-x86_64-linux-gnu.so
[0.278s] -- Up-to-date: /home/maksim/KT1_ROS/install/custom_msgs/local/lib/python3.10/dist-packages/custom_msgs/custom_msgs_s__rosidl_typesupport_c.cpython-310-x86_64-linux-gnu.so
[0.278s] -- Up-to-date: /home/maksim/KT1_ROS/install/custom_msgs/local/lib/python3.10/dist-packages/custom_msgs/_custom_msgs_s.ep.rosidl_typesupport_introspection_c.c
[0.278s] -- Up-to-date: /home/maksim/KT1_ROS/install/custom_msgs/local/lib/python3.10/dist-packages/custom_msgs/msg
[0.278s] -- Up-to-date: /home/maksim/KT1_ROS/install/custom_msgs/local/lib/python3.10/dist-packages/custom_msgs/msg/_pose2_d.py
[0.278s] -- Up-to-date: /home/maksim/KT1_ROS/install/custom_msgs/local/lib/python3.10/dist-packages/custom_msgs/msg/__init__.py
[0.278s] -- Up-to-date: /home/maksim/KT1_ROS/install/custom_msgs/local/lib/python3.10/dist-packages/custom_msgs/msg/_pose2_d_s.c
[0.278s] -- Up-to-date: /home/maksim/KT1_ROS/install/custom_msgs/local/lib/python3.10/dist-packages/custom_msgs/libcustom_msgs__rosidl_generator_py.so
[0.278s] -- Up-to-date: /home/maksim/KT1_ROS/install/custom_msgs/local/lib/python3.10/dist-packages/custom_msgs/custom_msgs_s__rosidl_typesupport_introspection_c.cpython-310-x86_64-linux-gnu.so
[0.278s] -- Up-to-date: /home/maksim/KT1_ROS/install/custom_msgs/local/lib/python3.10/dist-packages/custom_msgs/__init__.py
[0.278s] -- Up-to-date: /home/maksim/KT1_ROS/install/custom_msgs/local/lib/python3.10/dist-packages/custom_msgs/_custom_msgs_s.ep.rosidl_typesupport_c.c
[0.278s] -- Up-to-date: /home/maksim/KT1_ROS/install/custom_msgs/local/lib/python3.10/dist-packages/custom_msgs/_custom_msgs_s.ep.rosidl_typesupport_fastrtps_c.c
[0.300s] Listing '/home/maksim/KT1_ROS/install/custom_msgs/local/lib/python3.10/dist-packages/custom_msgs'...
[0.300s] Listing '/home/maksim/KT1_ROS/install/custom_msgs/local/lib/python3.10/dist-packages/custom_msgs/msg'...
[0.303s] -- Up-to-date: /home/maksim/KT1_ROS/install/custom_msgs/local/lib/python3.10/dist-packages/custom_msgs/custom_msgs_s__rosidl_typesupport_fastrtps_c.cpython-310-x86_64-linux-gnu.so
[0.303s] -- Up-to-date: /home/maksim/KT1_ROS/install/custom_msgs/local/lib/python3.10/dist-packages/custom_msgs/custom_msgs_s__rosidl_typesupport_introspection_c.cpython-310-x86_64-linux-gnu.so
[0.304s] -- Up-to-date: /home/maksim/KT1_ROS/install/custom_msgs/local/lib/python3.10/dist-packages/custom_msgs/custom_msgs_s__rosidl_typesupport_c.cpython-310-x86_64-linux-gnu.so
[0.304s] -- Up-to-date: /home/maksim/KT1_ROS/install/custom_msgs/lib/libcustom_msgs__rosidl_generator_py.so
[0.304s] -- Up-to-date: /home/maksim/KT1_ROS/install/custom_msgs/share/custom_msgs/msg/Pose2D.idl
[0.305s] -- Up-to-date: /home/maksim/KT1_ROS/install/custom_msgs/share/custom_msgs/msg/Pose2D.msg
[0.305s] -- Up-to-date: /home/maksim/KT1_ROS/install/custom_msgs/share/ament_index/resource_index/package_run_dependencies/custom_msgs
[0.305s] -- Up-to-date: /home/maksim/KT1_ROS/install/custom_msgs/share/ament_index/resource_index/parent_prefix_path/custom_msgs
[0.305s] -- Up-to-date: /home/maksim/KT1_ROS/install/custom_msgs/share/custom_msgs/environment/ament_prefix_path.sh
[0.305s] -- Up-to-date: /home/maksim/KT1_ROS/install/custom_msgs/share/custom_msgs/environment/ament_prefix_path.dsv
[0.305s] -- Up-to-date: /home/maksim/KT1_ROS/install/custom_msgs/share/custom_msgs/environment/path.sh
[0.305s] -- Up-to-date: /home/maksim/KT1_ROS/install/custom_msgs/share/custom_msgs/environment/path.dsv
[0.305s] -- Up-to-date: /home/maksim/KT1_ROS/install/custom_msgs/share/custom_msgs/local_setup.bash
[0.305s] -- Up-to-date: /home/maksim/KT1_ROS/install/custom_msgs/share/custom_msgs/local_setup.sh
[0.305s] -- Up-to-date: /home/maksim/KT1_ROS/install/custom_msgs/share/custom_msgs/local_setup.zsh
[0.305s] -- Up-to-date: /home/maksim/KT1_ROS/install/custom_msgs/share/custom_msgs/local_setup.dsv
[0.305s] -- Installing: /home/maksim/KT1_ROS/install/custom_msgs/share/custom_msgs/package.dsv
[0.305s] -- Up-to-date: /home/maksim/KT1_ROS/install/custom_msgs/share/ament_index/resource_index/packages/custom_msgs
[0.306s] -- Up-to-date: /home/maksim/KT1_ROS/install/custom_msgs/share/custom_msgs/cmake/export_custom_msgs__rosidl_generator_cExport.cmake
[0.306s] -- Up-to-date: /home/maksim/KT1_ROS/install/custom_msgs/share/custom_msgs/cmake/export_custom_msgs__rosidl_generator_cExport-noconfig.cmake
[0.306s] -- Up-to-date: /home/maksim/KT1_ROS/install/custom_msgs/share/custom_msgs/cmake/export_custom_msgs__rosidl_typesupport_fastrtps_cExport.cmake
[0.306s] -- Up-to-date: /home/maksim/KT1_ROS/install/custom_msgs/share/custom_msgs/cmake/export_custom_msgs__rosidl_typesupport_fastrtps_cExport-noconfig.cmake
[0.306s] -- Up-to-date: /home/maksim/KT1_ROS/install/custom_msgs/share/custom_msgs/cmake/custom_msgs__rosidl_typesupport_introspection_cExport.cmake
[0.306s] -- Up-to-date: /home/maksim/KT1_ROS/install/custom_msgs/share/custom_msgs/cmake/custom_msgs__rosidl_typesupport_introspection_cExport-noconfig.cmake
[0.307s] -- Up-to-date: /home/maksim/KT1_ROS/install/custom_msgs/share/custom_msgs/cmake/custom_msgs__rosidl_typesupport_cExport.cmake
[0.307s] -- Up-to-date: /home/maksim/KT1_ROS/install/custom_msgs/share/custom_msgs/cmake/custom_msgs__rosidl_typesupport_cExport-noconfig.cmake
[0.307s] -- Up-to-date: /home/maksim/KT1_ROS/install/custom_msgs/share/custom_msgs/cmake/export_custom_msgs__rosidl_generator_cppExport.cmake
[0.307s] -- Up-to-date: /home/maksim/KT1_ROS/install/custom_msgs/share/custom_msgs/cmake/export_custom_msgs__rosidl_typesupport_fastrtps_cppExport.cmake
[0.307s] -- Up-to-date: /home/maksim/KT1_ROS/install/custom_msgs/share/custom_msgs/cmake/export_custom_msgs__rosidl_typesupport_fastrtps_cppExport-noconfig.cmake
[0.308s] -- Up-to-date: /home/maksim/KT1_ROS/install/custom_msgs/share/custom_msgs/cmake/custom_msgs__rosidl_typesupport_introspection_cppExport.cmake
[0.308s] -- Up-to-date: /home/maksim/KT1_ROS/install/custom_msgs/share/custom_msgs/cmake/custom_msgs__rosidl_typesupport_introspection_cppExport-noconfig.cmake
[0.308s] -- Up-to-date: /home/maksim/KT1_ROS/install/custom_msgs/share/custom_msgs/cmake/custom_msgs__rosidl_typesupport_cppExport.cmake
[0.308s] -- Up-to-date: /home/maksim/KT1_ROS/install/custom_msgs/share/custom_msgs/cmake/custom_msgs__rosidl_typesupport_cppExport-noconfig.cmake
[0.308s] -- Up-to-date: /home/maksim/KT1_ROS/install/custom_msgs/share/custom_msgs/cmake/export_custom_msgs__rosidl_generator_pyExport.cmake
[0.309s] -- Up-to-date: /home/maksim/KT1_ROS/install/custom_msgs/share/custom_msgs/cmake/export_custom_msgs__rosidl_generator_pyExport-noconfig.cmake
[0.309s] -- Up-to-date: /home/maksim/KT1_ROS/install/custom_msgs/share/custom_msgs/cmake/rosidl_cmake-extras.cmake
[0.309s] -- Up-to-date: /home/maksim/KT1_ROS/install/custom_msgs/share/custom_msgs/cmake/ament_cmake_export_include_directories-extras.cmake
[0.309s] -- Up-to-date: /home/maksim/KT1_ROS/install/custom_msgs/share/custom_msgs/cmake/ament_cmake_export_libraries-extras.cmake
[0.309s] -- Up-to-date: /home/maksim/KT1_ROS/install/custom_msgs/share/custom_msgs/cmake/ament_cmake_export_targets-extras.cmake
[0.309s] -- Up-to-date: /home/maksim/KT1_ROS/install/custom_msgs/share/custom_msgs/cmake/rosidl_cmake_export_typesupport_targets-extras.cmake
[0.309s] -- Up-to-date: /home/maksim/KT1_ROS/install/custom_msgs/share/custom_msgs/cmake/ament_cmake_export_dependencies-extras.cmake
[0.309s] -- Up-to-date: /home/maksim/KT1_ROS/install/custom_msgs/share/custom_msgs/cmake/rosidl_cmake_export_typesupport_libraries-extras.cmake
[0.309s] -- Up-to-date: /home/maksim/KT1_ROS/install/custom_msgs/share/custom_msgs/cmake/custom_msgsConfig.cmake
[0.309s] -- Up-to-date: /home/maksim/KT1_ROS/install/custom_msgs/share/custom_msgs/cmake/custom_msgsConfig-version.cmake
[0.309s] -- Up-to-date: /home/maksim/KT1_ROS/install/custom_msgs/share/custom_msgs/package.xml
[0.310s] Invoked command in '/home/maksim/KT1_ROS/build/custom_msgs' returned '0': CMAKE_PREFIX_PATH=${CMAKE_PREFIX_PATH}:/home/maksim/KT1_ROS/install/move_with_obstacle:/home/maksim/KT1_ROS/ros2_pose/install/move_with_obstacle:/opt/ros/humble /usr/bin/cmake --install /home/maksim/KT1_ROS/build/custom_msgs
