[0.413s] Invoking command in '/home/maksim/ros2_pose/move_with_obstacle': PYTHONPATH=/home/maksim/ros2_pose/build/move_with_obstacle/prefix_override:/usr/lib/python3/dist-packages/colcon_core/task/python/colcon_distutils_commands:/home/maksim/ros2_pose/install/move_with_obstacle/lib/python3.10/site-packages:${PYTHONPATH} /usr/bin/python3 -W ignore:setup.py install is deprecated -W ignore:easy_install command is deprecated setup.py egg_info --egg-base ../build/move_with_obstacle build --build-base /home/maksim/ros2_pose/build/move_with_obstacle/build install --record /home/maksim/ros2_pose/build/move_with_obstacle/install.log --single-version-externally-managed install_data
[0.564s] running egg_info
[0.564s] writing ../build/move_with_obstacle/move_with_obstacle.egg-info/PKG-INFO
[0.564s] writing dependency_links to ../build/move_with_obstacle/move_with_obstacle.egg-info/dependency_links.txt
[0.565s] writing entry points to ../build/move_with_obstacle/move_with_obstacle.egg-info/entry_points.txt
[0.565s] writing requirements to ../build/move_with_obstacle/move_with_obstacle.egg-info/requires.txt
[0.565s] writing top-level names to ../build/move_with_obstacle/move_with_obstacle.egg-info/top_level.txt
[0.566s] reading manifest file '../build/move_with_obstacle/move_with_obstacle.egg-info/SOURCES.txt'
[0.566s] writing manifest file '../build/move_with_obstacle/move_with_obstacle.egg-info/SOURCES.txt'
[0.566s] running build
[0.567s] running build_py
[0.567s] copying move_with_obstacle/obstacles.py -> /home/maksim/ros2_pose/build/move_with_obstacle/build/lib/move_with_obstacle
[0.567s] running install
[0.567s] running install_lib
[0.567s] copying /home/maksim/ros2_pose/build/move_with_obstacle/build/lib/move_with_obstacle/obstacles.py -> /home/maksim/ros2_pose/install/move_with_obstacle/lib/python3.10/site-packages/move_with_obstacle
[0.568s] byte-compiling /home/maksim/ros2_pose/install/move_with_obstacle/lib/python3.10/site-packages/move_with_obstacle/obstacles.py to obstacles.cpython-310.pyc
[0.569s] running install_data
[0.569s] running install_egg_info
[0.570s] removing '/home/maksim/ros2_pose/install/move_with_obstacle/lib/python3.10/site-packages/move_with_obstacle-0.0.0-py3.10.egg-info' (and everything under it)
[0.570s] Copying ../build/move_with_obstacle/move_with_obstacle.egg-info to /home/maksim/ros2_pose/install/move_with_obstacle/lib/python3.10/site-packages/move_with_obstacle-0.0.0-py3.10.egg-info
[0.571s] running install_scripts
[0.584s] Installing obstacles script to /home/maksim/ros2_pose/install/move_with_obstacle/lib/move_with_obstacle
[0.584s] Installing test_zaicev script to /home/maksim/ros2_pose/install/move_with_obstacle/lib/move_with_obstacle
[0.585s] writing list of installed files to '/home/maksim/ros2_pose/build/move_with_obstacle/install.log'
[0.600s] Invoked command in '/home/maksim/ros2_pose/move_with_obstacle' returned '0': PYTHONPATH=/home/maksim/ros2_pose/build/move_with_obstacle/prefix_override:/usr/lib/python3/dist-packages/colcon_core/task/python/colcon_distutils_commands:/home/maksim/ros2_pose/install/move_with_obstacle/lib/python3.10/site-packages:${PYTHONPATH} /usr/bin/python3 -W ignore:setup.py install is deprecated -W ignore:easy_install command is deprecated setup.py egg_info --egg-base ../build/move_with_obstacle build --build-base /home/maksim/ros2_pose/build/move_with_obstacle/build install --record /home/maksim/ros2_pose/build/move_with_obstacle/install.log --single-version-externally-managed install_data
