running egg_info
creating ../build/move_with_obstacle/move_with_obstacle.egg-info
writing ../build/move_with_obstacle/move_with_obstacle.egg-info/PKG-INFO
writing dependency_links to ../build/move_with_obstacle/move_with_obstacle.egg-info/dependency_links.txt
writing entry points to ../build/move_with_obstacle/move_with_obstacle.egg-info/entry_points.txt
writing requirements to ../build/move_with_obstacle/move_with_obstacle.egg-info/requires.txt
writing top-level names to ../build/move_with_obstacle/move_with_obstacle.egg-info/top_level.txt
writing manifest file '../build/move_with_obstacle/move_with_obstacle.egg-info/SOURCES.txt'
reading manifest file '../build/move_with_obstacle/move_with_obstacle.egg-info/SOURCES.txt'
writing manifest file '../build/move_with_obstacle/move_with_obstacle.egg-info/SOURCES.txt'
running build
running build_py
creating /home/maksim/ros2_pose/build/move_with_obstacle/build
creating /home/maksim/ros2_pose/build/move_with_obstacle/build/lib
creating /home/maksim/ros2_pose/build/move_with_obstacle/build/lib/move_with_obstacle
copying move_with_obstacle/__init__.py -> /home/maksim/ros2_pose/build/move_with_obstacle/build/lib/move_with_obstacle
copying move_with_obstacle/test_zaicev.py -> /home/maksim/ros2_pose/build/move_with_obstacle/build/lib/move_with_obstacle
running install
running install_lib
creating /home/maksim/ros2_pose/install/move_with_obstacle/lib/python3.10/site-packages/move_with_obstacle
copying /home/maksim/ros2_pose/build/move_with_obstacle/build/lib/move_with_obstacle/__init__.py -> /home/maksim/ros2_pose/install/move_with_obstacle/lib/python3.10/site-packages/move_with_obstacle
copying /home/maksim/ros2_pose/build/move_with_obstacle/build/lib/move_with_obstacle/test_zaicev.py -> /home/maksim/ros2_pose/install/move_with_obstacle/lib/python3.10/site-packages/move_with_obstacle
byte-compiling /home/maksim/ros2_pose/install/move_with_obstacle/lib/python3.10/site-packages/move_with_obstacle/__init__.py to __init__.cpython-310.pyc
byte-compiling /home/maksim/ros2_pose/install/move_with_obstacle/lib/python3.10/site-packages/move_with_obstacle/test_zaicev.py to test_zaicev.cpython-310.pyc
running install_data
creating /home/maksim/ros2_pose/install/move_with_obstacle/share/ament_index
creating /home/maksim/ros2_pose/install/move_with_obstacle/share/ament_index/resource_index
creating /home/maksim/ros2_pose/install/move_with_obstacle/share/ament_index/resource_index/packages
copying resource/move_with_obstacle -> /home/maksim/ros2_pose/install/move_with_obstacle/share/ament_index/resource_index/packages
copying package.xml -> /home/maksim/ros2_pose/install/move_with_obstacle/share/move_with_obstacle
running install_egg_info
Copying ../build/move_with_obstacle/move_with_obstacle.egg-info to /home/maksim/ros2_pose/install/move_with_obstacle/lib/python3.10/site-packages/move_with_obstacle-0.0.0-py3.10.egg-info
running install_scripts
Installing test_zaicev script to /home/maksim/ros2_pose/install/move_with_obstacle/lib/move_with_obstacle
writing list of installed files to '/home/maksim/ros2_pose/build/move_with_obstacle/install.log'
