[0.196s] DEBUG:colcon:Command line arguments: ['/usr/bin/colcon', 'build']
[0.197s] DEBUG:colcon:Parsed command line arguments: Namespace(log_base=None, log_level=None, verb_name='build', build_base='build', install_base='install', merge_install=False, symlink_install=False, test_result_base=None, continue_on_error=False, executor='parallel', parallel_workers=12, event_handlers=None, ignore_user_meta=False, metas=['./colcon.meta'], base_paths=['.'], packages_ignore=None, packages_ignore_regex=None, paths=None, packages_up_to=None, packages_up_to_regex=None, packages_above=None, packages_above_and_dependencies=None, packages_above_depth=None, packages_select_by_dep=None, packages_skip_by_dep=None, packages_skip_up_to=None, packages_select_build_failed=False, packages_skip_build_finished=False, packages_select_test_failures=False, packages_skip_test_passed=False, packages_select=None, packages_skip=None, packages_select_regex=None, packages_skip_regex=None, packages_start=None, packages_end=None, allow_overriding=[], cmake_args=None, cmake_target=None, cmake_target_skip_unavailable=False, cmake_clean_cache=False, cmake_clean_first=False, cmake_force_configure=False, ament_cmake_args=None, catkin_cmake_args=None, catkin_skip_building_tests=False, mixin_files=None, mixin=None, verb_parser=<colcon_mixin.mixin.mixin_argument.MixinArgumentDecorator object at 0x7efd83d79d80>, verb_extension=<colcon_core.verb.build.BuildVerb object at 0x7efd83f06c80>, main=<bound method BuildVerb.main of <colcon_core.verb.build.BuildVerb object at 0x7efd83f06c80>>, mixin_verb=('build',))
[0.449s] Level 1:colcon.colcon_core.package_discovery:discover_packages(colcon_meta) check parameters
[0.449s] Level 1:colcon.colcon_core.package_discovery:discover_packages(recursive) check parameters
[0.449s] Level 1:colcon.colcon_core.package_discovery:discover_packages(ignore) check parameters
[0.449s] Level 1:colcon.colcon_core.package_discovery:discover_packages(path) check parameters
[0.449s] Level 1:colcon.colcon_core.package_discovery:discover_packages(colcon_meta) discover
[0.449s] Level 1:colcon.colcon_core.package_discovery:discover_packages(recursive) discover
[0.449s] INFO:colcon.colcon_core.package_discovery:Crawling recursively for packages in '/home/maksim/ros2_pose'
[0.450s] Level 1:colcon.colcon_core.package_identification:_identify(.) by extensions ['ignore', 'ignore_ament_install']
[0.450s] Level 1:colcon.colcon_core.package_identification:_identify(.) by extension 'ignore'
[0.450s] Level 1:colcon.colcon_core.package_identification:_identify(.) by extension 'ignore_ament_install'
[0.450s] Level 1:colcon.colcon_core.package_identification:_identify(.) by extensions ['colcon_pkg']
[0.450s] Level 1:colcon.colcon_core.package_identification:_identify(.) by extension 'colcon_pkg'
[0.450s] Level 1:colcon.colcon_core.package_identification:_identify(.) by extensions ['colcon_meta']
[0.450s] Level 1:colcon.colcon_core.package_identification:_identify(.) by extension 'colcon_meta'
[0.450s] Level 1:colcon.colcon_core.package_identification:_identify(.) by extensions ['ros']
[0.450s] Level 1:colcon.colcon_core.package_identification:_identify(.) by extension 'ros'
[0.461s] Level 1:colcon.colcon_core.package_identification:_identify(.) by extensions ['cmake', 'python']
[0.461s] Level 1:colcon.colcon_core.package_identification:_identify(.) by extension 'cmake'
[0.461s] Level 1:colcon.colcon_core.package_identification:_identify(.) by extension 'python'
[0.461s] Level 1:colcon.colcon_core.package_identification:_identify(.) by extensions ['python_setup_py']
[0.461s] Level 1:colcon.colcon_core.package_identification:_identify(.) by extension 'python_setup_py'
[0.461s] Level 1:colcon.colcon_core.package_identification:_identify(build) by extensions ['ignore', 'ignore_ament_install']
[0.461s] Level 1:colcon.colcon_core.package_identification:_identify(build) by extension 'ignore'
[0.461s] Level 1:colcon.colcon_core.package_identification:_identify(build) ignored
[0.461s] Level 1:colcon.colcon_core.package_identification:_identify(install) by extensions ['ignore', 'ignore_ament_install']
[0.461s] Level 1:colcon.colcon_core.package_identification:_identify(install) by extension 'ignore'
[0.461s] Level 1:colcon.colcon_core.package_identification:_identify(install) ignored
[0.461s] Level 1:colcon.colcon_core.package_identification:_identify(log) by extensions ['ignore', 'ignore_ament_install']
[0.461s] Level 1:colcon.colcon_core.package_identification:_identify(log) by extension 'ignore'
[0.461s] Level 1:colcon.colcon_core.package_identification:_identify(log) ignored
[0.461s] Level 1:colcon.colcon_core.package_identification:_identify(move_with_obstacle) by extensions ['ignore', 'ignore_ament_install']
[0.461s] Level 1:colcon.colcon_core.package_identification:_identify(move_with_obstacle) by extension 'ignore'
[0.461s] Level 1:colcon.colcon_core.package_identification:_identify(move_with_obstacle) by extension 'ignore_ament_install'
[0.462s] Level 1:colcon.colcon_core.package_identification:_identify(move_with_obstacle) by extensions ['colcon_pkg']
[0.462s] Level 1:colcon.colcon_core.package_identification:_identify(move_with_obstacle) by extension 'colcon_pkg'
[0.462s] Level 1:colcon.colcon_core.package_identification:_identify(move_with_obstacle) by extensions ['colcon_meta']
[0.462s] Level 1:colcon.colcon_core.package_identification:_identify(move_with_obstacle) by extension 'colcon_meta'
[0.462s] Level 1:colcon.colcon_core.package_identification:_identify(move_with_obstacle) by extensions ['ros']
[0.462s] Level 1:colcon.colcon_core.package_identification:_identify(move_with_obstacle) by extension 'ros'
[0.464s] DEBUG:colcon.colcon_core.package_identification:Package 'move_with_obstacle' with type 'ros.ament_python' and name 'move_with_obstacle'
[0.464s] Level 1:colcon.colcon_core.package_discovery:discover_packages(recursive) using defaults
[0.464s] Level 1:colcon.colcon_core.package_discovery:discover_packages(ignore) discover
[0.464s] Level 1:colcon.colcon_core.package_discovery:discover_packages(ignore) using defaults
[0.464s] Level 1:colcon.colcon_core.package_discovery:discover_packages(path) discover
[0.464s] Level 1:colcon.colcon_core.package_discovery:discover_packages(path) using defaults
[0.494s] Level 1:colcon.colcon_core.package_discovery:discover_packages(prefix_path) check parameters
[0.494s] Level 1:colcon.colcon_core.package_discovery:discover_packages(prefix_path) discover
[0.497s] DEBUG:colcon.colcon_installed_package_information.package_discovery:Found 1 installed packages in /home/maksim/ros2_pose/install
[0.499s] DEBUG:colcon.colcon_installed_package_information.package_discovery:Found 270 installed packages in /opt/ros/humble
[0.500s] Level 1:colcon.colcon_core.package_discovery:discover_packages(prefix_path) using defaults
[0.561s] Level 5:colcon.colcon_core.verb:set package 'move_with_obstacle' build argument 'cmake_args' from command line to 'None'
[0.561s] Level 5:colcon.colcon_core.verb:set package 'move_with_obstacle' build argument 'cmake_target' from command line to 'None'
[0.561s] Level 5:colcon.colcon_core.verb:set package 'move_with_obstacle' build argument 'cmake_target_skip_unavailable' from command line to 'False'
[0.561s] Level 5:colcon.colcon_core.verb:set package 'move_with_obstacle' build argument 'cmake_clean_cache' from command line to 'False'
[0.561s] Level 5:colcon.colcon_core.verb:set package 'move_with_obstacle' build argument 'cmake_clean_first' from command line to 'False'
[0.561s] Level 5:colcon.colcon_core.verb:set package 'move_with_obstacle' build argument 'cmake_force_configure' from command line to 'False'
[0.561s] Level 5:colcon.colcon_core.verb:set package 'move_with_obstacle' build argument 'ament_cmake_args' from command line to 'None'
[0.561s] Level 5:colcon.colcon_core.verb:set package 'move_with_obstacle' build argument 'catkin_cmake_args' from command line to 'None'
[0.561s] Level 5:colcon.colcon_core.verb:set package 'move_with_obstacle' build argument 'catkin_skip_building_tests' from command line to 'False'
[0.561s] DEBUG:colcon.colcon_core.verb:Building package 'move_with_obstacle' with the following arguments: {'ament_cmake_args': None, 'build_base': '/home/maksim/ros2_pose/build/move_with_obstacle', 'catkin_cmake_args': None, 'catkin_skip_building_tests': False, 'cmake_args': None, 'cmake_clean_cache': False, 'cmake_clean_first': False, 'cmake_force_configure': False, 'cmake_target': None, 'cmake_target_skip_unavailable': False, 'install_base': '/home/maksim/ros2_pose/install/move_with_obstacle', 'merge_install': False, 'path': '/home/maksim/ros2_pose/move_with_obstacle', 'symlink_install': False, 'test_result_base': None}
[0.561s] INFO:colcon.colcon_core.executor:Executing jobs using 'parallel' executor
[0.562s] DEBUG:colcon.colcon_parallel_executor.executor.parallel:run_until_complete
[0.563s] INFO:colcon.colcon_ros.task.ament_python.build:Building ROS package in '/home/maksim/ros2_pose/move_with_obstacle' with build type 'ament_python'
[0.563s] Level 1:colcon.colcon_core.shell:create_environment_hook('move_with_obstacle', 'ament_prefix_path')
[0.566s] INFO:colcon.colcon_core.plugin_system:Skipping extension 'colcon_core.shell.bat': Not used on non-Windows systems
[0.567s] INFO:colcon.colcon_core.shell:Creating environment hook '/home/maksim/ros2_pose/install/move_with_obstacle/share/move_with_obstacle/hook/ament_prefix_path.ps1'
[0.567s] INFO:colcon.colcon_core.shell:Creating environment descriptor '/home/maksim/ros2_pose/install/move_with_obstacle/share/move_with_obstacle/hook/ament_prefix_path.dsv'
[0.568s] INFO:colcon.colcon_core.shell:Creating environment hook '/home/maksim/ros2_pose/install/move_with_obstacle/share/move_with_obstacle/hook/ament_prefix_path.sh'
[0.569s] INFO:colcon.colcon_core.shell:Skip shell extension 'powershell' for command environment: Not usable outside of PowerShell
[0.569s] DEBUG:colcon.colcon_core.shell:Skip shell extension 'dsv' for command environment
[0.744s] INFO:colcon.colcon_core.task.python.build:Building Python package in '/home/maksim/ros2_pose/move_with_obstacle'
[0.745s] INFO:colcon.colcon_core.shell:Skip shell extension 'powershell' for command environment: Not usable outside of PowerShell
[0.745s] DEBUG:colcon.colcon_core.shell:Skip shell extension 'dsv' for command environment
[1.118s] DEBUG:colcon.colcon_core.event_handler.log_command:Invoking command in '/home/maksim/ros2_pose/move_with_obstacle': PYTHONPATH=/home/maksim/ros2_pose/build/move_with_obstacle/prefix_override:/usr/lib/python3/dist-packages/colcon_core/task/python/colcon_distutils_commands:/home/maksim/ros2_pose/install/move_with_obstacle/lib/python3.10/site-packages:${PYTHONPATH} /usr/bin/python3 -W ignore:setup.py install is deprecated -W ignore:easy_install command is deprecated setup.py egg_info --egg-base ../build/move_with_obstacle build --build-base /home/maksim/ros2_pose/build/move_with_obstacle/build install --record /home/maksim/ros2_pose/build/move_with_obstacle/install.log --single-version-externally-managed install_data
[1.822s] DEBUG:colcon.colcon_core.event_handler.log_command:Invoked command in '/home/maksim/ros2_pose/move_with_obstacle' returned '0': PYTHONPATH=/home/maksim/ros2_pose/build/move_with_obstacle/prefix_override:/usr/lib/python3/dist-packages/colcon_core/task/python/colcon_distutils_commands:/home/maksim/ros2_pose/install/move_with_obstacle/lib/python3.10/site-packages:${PYTHONPATH} /usr/bin/python3 -W ignore:setup.py install is deprecated -W ignore:easy_install command is deprecated setup.py egg_info --egg-base ../build/move_with_obstacle build --build-base /home/maksim/ros2_pose/build/move_with_obstacle/build install --record /home/maksim/ros2_pose/build/move_with_obstacle/install.log --single-version-externally-managed install_data
[1.827s] Level 1:colcon.colcon_core.environment:checking '/home/maksim/ros2_pose/install/move_with_obstacle' for CMake module files
[1.828s] Level 1:colcon.colcon_core.environment:checking '/home/maksim/ros2_pose/install/move_with_obstacle' for CMake config files
[1.828s] Level 1:colcon.colcon_core.environment:checking '/home/maksim/ros2_pose/install/move_with_obstacle/lib'
[1.828s] Level 1:colcon.colcon_core.environment:checking '/home/maksim/ros2_pose/install/move_with_obstacle/bin'
[1.828s] Level 1:colcon.colcon_core.environment:checking '/home/maksim/ros2_pose/install/move_with_obstacle/lib/pkgconfig/move_with_obstacle.pc'
[1.829s] Level 1:colcon.colcon_core.environment:checking '/home/maksim/ros2_pose/install/move_with_obstacle/lib/python3.10/site-packages'
[1.829s] Level 1:colcon.colcon_core.shell:create_environment_hook('move_with_obstacle', 'pythonpath')
[1.829s] INFO:colcon.colcon_core.shell:Creating environment hook '/home/maksim/ros2_pose/install/move_with_obstacle/share/move_with_obstacle/hook/pythonpath.ps1'
[1.829s] INFO:colcon.colcon_core.shell:Creating environment descriptor '/home/maksim/ros2_pose/install/move_with_obstacle/share/move_with_obstacle/hook/pythonpath.dsv'
[1.829s] INFO:colcon.colcon_core.shell:Creating environment hook '/home/maksim/ros2_pose/install/move_with_obstacle/share/move_with_obstacle/hook/pythonpath.sh'
[1.830s] Level 1:colcon.colcon_core.environment:checking '/home/maksim/ros2_pose/install/move_with_obstacle/bin'
[1.830s] Level 1:colcon.colcon_core.environment:create_environment_scripts_only(move_with_obstacle)
[1.830s] INFO:colcon.colcon_core.shell:Creating package script '/home/maksim/ros2_pose/install/move_with_obstacle/share/move_with_obstacle/package.ps1'
[1.831s] INFO:colcon.colcon_core.shell:Creating package descriptor '/home/maksim/ros2_pose/install/move_with_obstacle/share/move_with_obstacle/package.dsv'
[1.831s] INFO:colcon.colcon_core.shell:Creating package script '/home/maksim/ros2_pose/install/move_with_obstacle/share/move_with_obstacle/package.sh'
[1.832s] INFO:colcon.colcon_core.shell:Creating package script '/home/maksim/ros2_pose/install/move_with_obstacle/share/move_with_obstacle/package.bash'
[1.833s] INFO:colcon.colcon_core.shell:Creating package script '/home/maksim/ros2_pose/install/move_with_obstacle/share/move_with_obstacle/package.zsh'
[1.834s] Level 1:colcon.colcon_core.environment:create_file_with_runtime_dependencies(/home/maksim/ros2_pose/install/move_with_obstacle/share/colcon-core/packages/move_with_obstacle)
[1.834s] DEBUG:colcon.colcon_parallel_executor.executor.parallel:closing loop
[1.835s] DEBUG:colcon.colcon_parallel_executor.executor.parallel:loop closed
[1.835s] DEBUG:colcon.colcon_parallel_executor.executor.parallel:run_until_complete finished with '0'
[1.835s] DEBUG:colcon.colcon_core.event_reactor:joining thread
[1.861s] INFO:colcon.colcon_core.plugin_system:Skipping extension 'colcon_notification.desktop_notification.notify_send': Could not find 'notify-send'
[1.862s] INFO:colcon.colcon_core.plugin_system:Skipping extension 'colcon_notification.desktop_notification.terminal_notifier': Not used on non-Darwin systems
[1.862s] INFO:colcon.colcon_core.plugin_system:Skipping extension 'colcon_notification.desktop_notification.win32': Not used on non-Windows systems
[1.862s] INFO:colcon.colcon_notification.desktop_notification:Sending desktop notification using 'notify2'
[1.862s] DEBUG:colcon.colcon_notification.desktop_notification.notify2:Failed to initialize notify2: org.freedesktop.DBus.Error.FileNotFound: Failed to connect to socket /run/user/1000/bus: No such file or directory
[1.862s] DEBUG:colcon.colcon_core.event_reactor:joined thread
[1.862s] INFO:colcon.colcon_core.shell:Creating prefix script '/home/maksim/ros2_pose/install/local_setup.ps1'
[1.863s] INFO:colcon.colcon_core.shell:Creating prefix util module '/home/maksim/ros2_pose/install/_local_setup_util_ps1.py'
[1.864s] INFO:colcon.colcon_core.shell:Creating prefix chain script '/home/maksim/ros2_pose/install/setup.ps1'
[1.865s] INFO:colcon.colcon_core.shell:Creating prefix script '/home/maksim/ros2_pose/install/local_setup.sh'
[1.866s] INFO:colcon.colcon_core.shell:Creating prefix util module '/home/maksim/ros2_pose/install/_local_setup_util_sh.py'
[1.866s] INFO:colcon.colcon_core.shell:Creating prefix chain script '/home/maksim/ros2_pose/install/setup.sh'
[1.867s] INFO:colcon.colcon_core.shell:Creating prefix script '/home/maksim/ros2_pose/install/local_setup.bash'
[1.868s] INFO:colcon.colcon_core.shell:Creating prefix chain script '/home/maksim/ros2_pose/install/setup.bash'
[1.868s] INFO:colcon.colcon_core.shell:Creating prefix script '/home/maksim/ros2_pose/install/local_setup.zsh'
[1.869s] INFO:colcon.colcon_core.shell:Creating prefix chain script '/home/maksim/ros2_pose/install/setup.zsh'
