[0.008s] Invoking command in '/home/maksim/KT1_ROS/build/custom_msgs': CMAKE_PREFIX_PATH=${CMAKE_PREFIX_PATH}:/home/maksim/KT1_ROS/install/move_with_obstacle:/opt/ros/humble /usr/bin/cmake --build /home/maksim/KT1_ROS/build/custom_msgs -- -j12 -l12
[0.035s] [  9%] Built target custom_msgs__cpp
[0.036s] [ 12%] Built target custom_msgs__rosidl_generator_c
[0.041s] [ 12%] Built target ament_cmake_python_copy_custom_msgs
[0.048s] [ 22%] Built target custom_msgs__rosidl_typesupport_cpp
[0.048s] [ 32%] Built target custom_msgs__rosidl_typesupport_introspection_cpp
[0.049s] [ 41%] Built target custom_msgs__rosidl_typesupport_fastrtps_cpp
[0.055s] [ 70%] Built target custom_msgs__rosidl_typesupport_introspection_c
[0.055s] [ 70%] Built target custom_msgs__rosidl_typesupport_fastrtps_c
[0.055s] [ 70%] Built target custom_msgs__rosidl_typesupport_c
[0.066s] [ 70%] Built target custom_msgs
[0.078s] [ 74%] Built target custom_msgs__py
[0.091s] [ 80%] Built target custom_msgs__rosidl_generator_py
[0.104s] [100%] Built target custom_msgs__rosidl_typesupport_c__pyext
[0.104s] [100%] Built target custom_msgs__rosidl_typesupport_fastrtps_c__pyext
[0.104s] [100%] Built target custom_msgs__rosidl_typesupport_introspection_c__pyext
[0.188s] running egg_info
[0.189s] writing custom_msgs.egg-info/PKG-INFO
[0.189s] writing dependency_links to custom_msgs.egg-info/dependency_links.txt
[0.189s] writing top-level names to custom_msgs.egg-info/top_level.txt
[0.190s] reading manifest file 'custom_msgs.egg-info/SOURCES.txt'
[0.190s] writing manifest file 'custom_msgs.egg-info/SOURCES.txt'
[0.206s] [100%] Built target ament_cmake_python_build_custom_msgs_egg
[0.213s] Invoked command in '/home/maksim/KT1_ROS/build/custom_msgs' returned '0': CMAKE_PREFIX_PATH=${CMAKE_PREFIX_PATH}:/home/maksim/KT1_ROS/install/move_with_obstacle:/opt/ros/humble /usr/bin/cmake --build /home/maksim/KT1_ROS/build/custom_msgs -- -j12 -l12
[0.218s] Invoking command in '/home/maksim/KT1_ROS/build/custom_msgs': CMAKE_PREFIX_PATH=${CMAKE_PREFIX_PATH}:/home/maksim/KT1_ROS/install/move_with_obstacle:/opt/ros/humble /usr/bin/cmake --install /home/maksim/KT1_ROS/build/custom_msgs
[0.222s] -- Install configuration: ""
[0.222s] -- Up-to-date: /home/maksim/KT1_ROS/install/custom_msgs/share/ament_index/resource_index/rosidl_interfaces/custom_msgs
[0.223s] -- Up-to-date: /home/maksim/KT1_ROS/install/custom_msgs/include/custom_msgs/custom_msgs
[0.223s] -- Up-to-date: /home/maksim/KT1_ROS/install/custom_msgs/include/custom_msgs/custom_msgs/msg
[0.223s] -- Up-to-date: /home/maksim/KT1_ROS/install/custom_msgs/include/custom_msgs/custom_msgs/msg/pose2_d.h
[0.223s] -- Up-to-date: /home/maksim/KT1_ROS/install/custom_msgs/include/custom_msgs/custom_msgs/msg/detail
[0.223s] -- Up-to-date: /home/maksim/KT1_ROS/install/custom_msgs/include/custom_msgs/custom_msgs/msg/detail/pose2_d__functions.h
[0.223s] -- Up-to-date: /home/maksim/KT1_ROS/install/custom_msgs/include/custom_msgs/custom_msgs/msg/detail/pose2_d__functions.c
[0.223s] -- Up-to-date: /home/maksim/KT1_ROS/install/custom_msgs/include/custom_msgs/custom_msgs/msg/detail/pose2_d__struct.h
[0.223s] -- Up-to-date: /home/maksim/KT1_ROS/install/custom_msgs/include/custom_msgs/custom_msgs/msg/detail/pose2_d__type_support.h
[0.224s] -- Up-to-date: /home/maksim/KT1_ROS/install/custom_msgs/include/custom_msgs/custom_msgs/msg/rosidl_generator_c__visibility_control.h
[0.224s] -- Up-to-date: /home/maksim/KT1_ROS/install/custom_msgs/share/custom_msgs/environment/library_path.sh
[0.224s] -- Up-to-date: /home/maksim/KT1_ROS/install/custom_msgs/share/custom_msgs/environment/library_path.dsv
[0.224s] -- Up-to-date: /home/maksim/KT1_ROS/install/custom_msgs/lib/libcustom_msgs__rosidl_generator_c.so
[0.224s] -- Up-to-date: /home/maksim/KT1_ROS/install/custom_msgs/include/custom_msgs/custom_msgs
[0.224s] -- Up-to-date: /home/maksim/KT1_ROS/install/custom_msgs/include/custom_msgs/custom_msgs/msg
[0.224s] -- Up-to-date: /home/maksim/KT1_ROS/install/custom_msgs/include/custom_msgs/custom_msgs/msg/detail
[0.224s] -- Up-to-date: /home/maksim/KT1_ROS/install/custom_msgs/include/custom_msgs/custom_msgs/msg/detail/pose2_d__rosidl_typesupport_fastrtps_c.h
[0.224s] -- Up-to-date: /home/maksim/KT1_ROS/install/custom_msgs/include/custom_msgs/custom_msgs/msg/rosidl_typesupport_fastrtps_c__visibility_control.h
[0.224s] -- Up-to-date: /home/maksim/KT1_ROS/install/custom_msgs/lib/libcustom_msgs__rosidl_typesupport_fastrtps_c.so
[0.224s] -- Up-to-date: /home/maksim/KT1_ROS/install/custom_msgs/include/custom_msgs/custom_msgs
[0.224s] -- Up-to-date: /home/maksim/KT1_ROS/install/custom_msgs/include/custom_msgs/custom_msgs/msg
[0.224s] -- Up-to-date: /home/maksim/KT1_ROS/install/custom_msgs/include/custom_msgs/custom_msgs/msg/detail
[0.224s] -- Up-to-date: /home/maksim/KT1_ROS/install/custom_msgs/include/custom_msgs/custom_msgs/msg/detail/pose2_d__type_support.c
[0.224s] -- Up-to-date: /home/maksim/KT1_ROS/install/custom_msgs/include/custom_msgs/custom_msgs/msg/detail/pose2_d__rosidl_typesupport_introspection_c.h
[0.225s] -- Up-to-date: /home/maksim/KT1_ROS/install/custom_msgs/include/custom_msgs/custom_msgs/msg/rosidl_typesupport_introspection_c__visibility_control.h
[0.225s] -- Up-to-date: /home/maksim/KT1_ROS/install/custom_msgs/lib/libcustom_msgs__rosidl_typesupport_introspection_c.so
[0.225s] -- Up-to-date: /home/maksim/KT1_ROS/install/custom_msgs/lib/libcustom_msgs__rosidl_typesupport_c.so
[0.225s] -- Up-to-date: /home/maksim/KT1_ROS/install/custom_msgs/include/custom_msgs/custom_msgs
[0.225s] -- Up-to-date: /home/maksim/KT1_ROS/install/custom_msgs/include/custom_msgs/custom_msgs/msg
[0.225s] -- Up-to-date: /home/maksim/KT1_ROS/install/custom_msgs/include/custom_msgs/custom_msgs/msg/detail
[0.225s] -- Up-to-date: /home/maksim/KT1_ROS/install/custom_msgs/include/custom_msgs/custom_msgs/msg/detail/pose2_d__type_support.hpp
[0.225s] -- Up-to-date: /home/maksim/KT1_ROS/install/custom_msgs/include/custom_msgs/custom_msgs/msg/detail/pose2_d__struct.hpp
[0.225s] -- Up-to-date: /home/maksim/KT1_ROS/install/custom_msgs/include/custom_msgs/custom_msgs/msg/detail/pose2_d__traits.hpp
[0.225s] -- Up-to-date: /home/maksim/KT1_ROS/install/custom_msgs/include/custom_msgs/custom_msgs/msg/detail/pose2_d__builder.hpp
[0.225s] -- Up-to-date: /home/maksim/KT1_ROS/install/custom_msgs/include/custom_msgs/custom_msgs/msg/rosidl_generator_cpp__visibility_control.hpp
[0.225s] -- Up-to-date: /home/maksim/KT1_ROS/install/custom_msgs/include/custom_msgs/custom_msgs/msg/pose2_d.hpp
[0.225s] -- Up-to-date: /home/maksim/KT1_ROS/install/custom_msgs/include/custom_msgs/custom_msgs
[0.225s] -- Up-to-date: /home/maksim/KT1_ROS/install/custom_msgs/include/custom_msgs/custom_msgs/msg
[0.225s] -- Up-to-date: /home/maksim/KT1_ROS/install/custom_msgs/include/custom_msgs/custom_msgs/msg/detail
[0.226s] -- Up-to-date: /home/maksim/KT1_ROS/install/custom_msgs/include/custom_msgs/custom_msgs/msg/detail/dds_fastrtps
[0.226s] -- Up-to-date: /home/maksim/KT1_ROS/install/custom_msgs/include/custom_msgs/custom_msgs/msg/detail/pose2_d__rosidl_typesupport_fastrtps_cpp.hpp
[0.226s] -- Up-to-date: /home/maksim/KT1_ROS/install/custom_msgs/include/custom_msgs/custom_msgs/msg/rosidl_typesupport_fastrtps_cpp__visibility_control.h
[0.226s] -- Up-to-date: /home/maksim/KT1_ROS/install/custom_msgs/lib/libcustom_msgs__rosidl_typesupport_fastrtps_cpp.so
[0.226s] -- Up-to-date: /home/maksim/KT1_ROS/install/custom_msgs/include/custom_msgs/custom_msgs
[0.226s] -- Up-to-date: /home/maksim/KT1_ROS/install/custom_msgs/include/custom_msgs/custom_msgs/msg
[0.226s] -- Up-to-date: /home/maksim/KT1_ROS/install/custom_msgs/include/custom_msgs/custom_msgs/msg/detail
[0.226s] -- Up-to-date: /home/maksim/KT1_ROS/install/custom_msgs/include/custom_msgs/custom_msgs/msg/detail/pose2_d__type_support.cpp
[0.226s] -- Up-to-date: /home/maksim/KT1_ROS/install/custom_msgs/include/custom_msgs/custom_msgs/msg/detail/pose2_d__rosidl_typesupport_introspection_cpp.hpp
[0.226s] -- Up-to-date: /home/maksim/KT1_ROS/install/custom_msgs/lib/libcustom_msgs__rosidl_typesupport_introspection_cpp.so
[0.226s] -- Up-to-date: /home/maksim/KT1_ROS/install/custom_msgs/lib/libcustom_msgs__rosidl_typesupport_cpp.so
[0.226s] -- Up-to-date: /home/maksim/KT1_ROS/install/custom_msgs/share/custom_msgs/environment/pythonpath.sh
[0.226s] -- Up-to-date: /home/maksim/KT1_ROS/install/custom_msgs/share/custom_msgs/environment/pythonpath.dsv
[0.226s] -- Up-to-date: /home/maksim/KT1_ROS/install/custom_msgs/local/lib/python3.10/dist-packages/custom_msgs-0.0.0-py3.10.egg-info
[0.226s] -- Installing: /home/maksim/KT1_ROS/install/custom_msgs/local/lib/python3.10/dist-packages/custom_msgs-0.0.0-py3.10.egg-info/dependency_links.txt
[0.226s] -- Installing: /home/maksim/KT1_ROS/install/custom_msgs/local/lib/python3.10/dist-packages/custom_msgs-0.0.0-py3.10.egg-info/top_level.txt
[0.226s] -- Installing: /home/maksim/KT1_ROS/install/custom_msgs/local/lib/python3.10/dist-packages/custom_msgs-0.0.0-py3.10.egg-info/SOURCES.txt
[0.226s] -- Installing: /home/maksim/KT1_ROS/install/custom_msgs/local/lib/python3.10/dist-packages/custom_msgs-0.0.0-py3.10.egg-info/PKG-INFO
[0.226s] -- Up-to-date: /home/maksim/KT1_ROS/install/custom_msgs/local/lib/python3.10/dist-packages/custom_msgs
[0.227s] -- Up-to-date: /home/maksim/KT1_ROS/install/custom_msgs/local/lib/python3.10/dist-packages/custom_msgs/custom_msgs_s__rosidl_typesupport_fastrtps_c.cpython-310-x86_64-linux-gnu.so
[0.227s] -- Up-to-date: /home/maksim/KT1_ROS/install/custom_msgs/local/lib/python3.10/dist-packages/custom_msgs/custom_msgs_s__rosidl_typesupport_c.cpython-310-x86_64-linux-gnu.so
[0.227s] -- Up-to-date: /home/maksim/KT1_ROS/install/custom_msgs/local/lib/python3.10/dist-packages/custom_msgs/_custom_msgs_s.ep.rosidl_typesupport_introspection_c.c
[0.227s] -- Up-to-date: /home/maksim/KT1_ROS/install/custom_msgs/local/lib/python3.10/dist-packages/custom_msgs/msg
[0.227s] -- Up-to-date: /home/maksim/KT1_ROS/install/custom_msgs/local/lib/python3.10/dist-packages/custom_msgs/msg/_pose2_d.py
[0.227s] -- Up-to-date: /home/maksim/KT1_ROS/install/custom_msgs/local/lib/python3.10/dist-packages/custom_msgs/msg/__init__.py
[0.227s] -- Up-to-date: /home/maksim/KT1_ROS/install/custom_msgs/local/lib/python3.10/dist-packages/custom_msgs/msg/_pose2_d_s.c
[0.227s] -- Up-to-date: /home/maksim/KT1_ROS/install/custom_msgs/local/lib/python3.10/dist-packages/custom_msgs/libcustom_msgs__rosidl_generator_py.so
[0.227s] -- Up-to-date: /home/maksim/KT1_ROS/install/custom_msgs/local/lib/python3.10/dist-packages/custom_msgs/custom_msgs_s__rosidl_typesupport_introspection_c.cpython-310-x86_64-linux-gnu.so
[0.227s] -- Up-to-date: /home/maksim/KT1_ROS/install/custom_msgs/local/lib/python3.10/dist-packages/custom_msgs/__init__.py
[0.227s] -- Up-to-date: /home/maksim/KT1_ROS/install/custom_msgs/local/lib/python3.10/dist-packages/custom_msgs/_custom_msgs_s.ep.rosidl_typesupport_c.c
[0.227s] -- Up-to-date: /home/maksim/KT1_ROS/install/custom_msgs/local/lib/python3.10/dist-packages/custom_msgs/_custom_msgs_s.ep.rosidl_typesupport_fastrtps_c.c
[0.244s] Listing '/home/maksim/KT1_ROS/install/custom_msgs/local/lib/python3.10/dist-packages/custom_msgs'...
[0.244s] Listing '/home/maksim/KT1_ROS/install/custom_msgs/local/lib/python3.10/dist-packages/custom_msgs/msg'...
[0.246s] -- Up-to-date: /home/maksim/KT1_ROS/install/custom_msgs/local/lib/python3.10/dist-packages/custom_msgs/custom_msgs_s__rosidl_typesupport_fastrtps_c.cpython-310-x86_64-linux-gnu.so
[0.247s] -- Up-to-date: /home/maksim/KT1_ROS/install/custom_msgs/local/lib/python3.10/dist-packages/custom_msgs/custom_msgs_s__rosidl_typesupport_introspection_c.cpython-310-x86_64-linux-gnu.so
[0.247s] -- Up-to-date: /home/maksim/KT1_ROS/install/custom_msgs/local/lib/python3.10/dist-packages/custom_msgs/custom_msgs_s__rosidl_typesupport_c.cpython-310-x86_64-linux-gnu.so
[0.247s] -- Up-to-date: /home/maksim/KT1_ROS/install/custom_msgs/lib/libcustom_msgs__rosidl_generator_py.so
[0.247s] -- Up-to-date: /home/maksim/KT1_ROS/install/custom_msgs/share/custom_msgs/msg/Pose2D.idl
[0.247s] -- Up-to-date: /home/maksim/KT1_ROS/install/custom_msgs/share/custom_msgs/msg/Pose2D.msg
[0.248s] -- Up-to-date: /home/maksim/KT1_ROS/install/custom_msgs/share/ament_index/resource_index/package_run_dependencies/custom_msgs
[0.248s] -- Up-to-date: /home/maksim/KT1_ROS/install/custom_msgs/share/ament_index/resource_index/parent_prefix_path/custom_msgs
[0.248s] -- Up-to-date: /home/maksim/KT1_ROS/install/custom_msgs/share/custom_msgs/environment/ament_prefix_path.sh
[0.248s] -- Up-to-date: /home/maksim/KT1_ROS/install/custom_msgs/share/custom_msgs/environment/ament_prefix_path.dsv
[0.248s] -- Up-to-date: /home/maksim/KT1_ROS/install/custom_msgs/share/custom_msgs/environment/path.sh
[0.248s] -- Up-to-date: /home/maksim/KT1_ROS/install/custom_msgs/share/custom_msgs/environment/path.dsv
[0.248s] -- Up-to-date: /home/maksim/KT1_ROS/install/custom_msgs/share/custom_msgs/local_setup.bash
[0.248s] -- Up-to-date: /home/maksim/KT1_ROS/install/custom_msgs/share/custom_msgs/local_setup.sh
[0.248s] -- Up-to-date: /home/maksim/KT1_ROS/install/custom_msgs/share/custom_msgs/local_setup.zsh
[0.248s] -- Up-to-date: /home/maksim/KT1_ROS/install/custom_msgs/share/custom_msgs/local_setup.dsv
[0.248s] -- Installing: /home/maksim/KT1_ROS/install/custom_msgs/share/custom_msgs/package.dsv
[0.248s] -- Up-to-date: /home/maksim/KT1_ROS/install/custom_msgs/share/ament_index/resource_index/packages/custom_msgs
[0.249s] -- Up-to-date: /home/maksim/KT1_ROS/install/custom_msgs/share/custom_msgs/cmake/export_custom_msgs__rosidl_generator_cExport.cmake
[0.249s] -- Up-to-date: /home/maksim/KT1_ROS/install/custom_msgs/share/custom_msgs/cmake/export_custom_msgs__rosidl_generator_cExport-noconfig.cmake
[0.249s] -- Up-to-date: /home/maksim/KT1_ROS/install/custom_msgs/share/custom_msgs/cmake/export_custom_msgs__rosidl_typesupport_fastrtps_cExport.cmake
[0.249s] -- Up-to-date: /home/maksim/KT1_ROS/install/custom_msgs/share/custom_msgs/cmake/export_custom_msgs__rosidl_typesupport_fastrtps_cExport-noconfig.cmake
[0.249s] -- Up-to-date: /home/maksim/KT1_ROS/install/custom_msgs/share/custom_msgs/cmake/custom_msgs__rosidl_typesupport_introspection_cExport.cmake
[0.249s] -- Up-to-date: /home/maksim/KT1_ROS/install/custom_msgs/share/custom_msgs/cmake/custom_msgs__rosidl_typesupport_introspection_cExport-noconfig.cmake
[0.249s] -- Up-to-date: /home/maksim/KT1_ROS/install/custom_msgs/share/custom_msgs/cmake/custom_msgs__rosidl_typesupport_cExport.cmake
[0.249s] -- Up-to-date: /home/maksim/KT1_ROS/install/custom_msgs/share/custom_msgs/cmake/custom_msgs__rosidl_typesupport_cExport-noconfig.cmake
[0.249s] -- Up-to-date: /home/maksim/KT1_ROS/install/custom_msgs/share/custom_msgs/cmake/export_custom_msgs__rosidl_generator_cppExport.cmake
[0.249s] -- Up-to-date: /home/maksim/KT1_ROS/install/custom_msgs/share/custom_msgs/cmake/export_custom_msgs__rosidl_typesupport_fastrtps_cppExport.cmake
[0.249s] -- Up-to-date: /home/maksim/KT1_ROS/install/custom_msgs/share/custom_msgs/cmake/export_custom_msgs__rosidl_typesupport_fastrtps_cppExport-noconfig.cmake
[0.249s] -- Up-to-date: /home/maksim/KT1_ROS/install/custom_msgs/share/custom_msgs/cmake/custom_msgs__rosidl_typesupport_introspection_cppExport.cmake
[0.249s] -- Up-to-date: /home/maksim/KT1_ROS/install/custom_msgs/share/custom_msgs/cmake/custom_msgs__rosidl_typesupport_introspection_cppExport-noconfig.cmake
[0.250s] -- Up-to-date: /home/maksim/KT1_ROS/install/custom_msgs/share/custom_msgs/cmake/custom_msgs__rosidl_typesupport_cppExport.cmake
[0.250s] -- Up-to-date: /home/maksim/KT1_ROS/install/custom_msgs/share/custom_msgs/cmake/custom_msgs__rosidl_typesupport_cppExport-noconfig.cmake
[0.250s] -- Up-to-date: /home/maksim/KT1_ROS/install/custom_msgs/share/custom_msgs/cmake/export_custom_msgs__rosidl_generator_pyExport.cmake
[0.250s] -- Up-to-date: /home/maksim/KT1_ROS/install/custom_msgs/share/custom_msgs/cmake/export_custom_msgs__rosidl_generator_pyExport-noconfig.cmake
[0.250s] -- Up-to-date: /home/maksim/KT1_ROS/install/custom_msgs/share/custom_msgs/cmake/rosidl_cmake-extras.cmake
[0.250s] -- Up-to-date: /home/maksim/KT1_ROS/install/custom_msgs/share/custom_msgs/cmake/ament_cmake_export_include_directories-extras.cmake
[0.250s] -- Up-to-date: /home/maksim/KT1_ROS/install/custom_msgs/share/custom_msgs/cmake/ament_cmake_export_libraries-extras.cmake
[0.250s] -- Up-to-date: /home/maksim/KT1_ROS/install/custom_msgs/share/custom_msgs/cmake/ament_cmake_export_targets-extras.cmake
[0.250s] -- Up-to-date: /home/maksim/KT1_ROS/install/custom_msgs/share/custom_msgs/cmake/rosidl_cmake_export_typesupport_targets-extras.cmake
[0.250s] -- Up-to-date: /home/maksim/KT1_ROS/install/custom_msgs/share/custom_msgs/cmake/ament_cmake_export_dependencies-extras.cmake
[0.250s] -- Up-to-date: /home/maksim/KT1_ROS/install/custom_msgs/share/custom_msgs/cmake/rosidl_cmake_export_typesupport_libraries-extras.cmake
[0.250s] -- Up-to-date: /home/maksim/KT1_ROS/install/custom_msgs/share/custom_msgs/cmake/custom_msgsConfig.cmake
[0.250s] -- Up-to-date: /home/maksim/KT1_ROS/install/custom_msgs/share/custom_msgs/cmake/custom_msgsConfig-version.cmake
[0.250s] -- Up-to-date: /home/maksim/KT1_ROS/install/custom_msgs/share/custom_msgs/package.xml
[0.251s] Invoked command in '/home/maksim/KT1_ROS/build/custom_msgs' returned '0': CMAKE_PREFIX_PATH=${CMAKE_PREFIX_PATH}:/home/maksim/KT1_ROS/install/move_with_obstacle:/opt/ros/humble /usr/bin/cmake --install /home/maksim/KT1_ROS/build/custom_msgs
