[0.422s] Invoking command in '/home/maksim/ros2_pose/move_with_obstacle': PYTHONPATH=/home/maksim/ros2_pose/build/move_with_obstacle/prefix_override:/usr/lib/python3/dist-packages/colcon_core/task/python/colcon_distutils_commands:/home/maksim/ros2_pose/install/move_with_obstacle/lib/python3.10/site-packages:${PYTHONPATH} /usr/bin/python3 -W ignore:setup.py install is deprecated -W ignore:easy_install command is deprecated setup.py egg_info --egg-base ../build/move_with_obstacle build --build-base /home/maksim/ros2_pose/build/move_with_obstacle/build install --record /home/maksim/ros2_pose/build/move_with_obstacle/install.log --single-version-externally-managed install_data
[0.574s] running egg_info
[0.574s] writing ../build/move_with_obstacle/move_with_obstacle.egg-info/PKG-INFO
[0.574s] writing dependency_links to ../build/move_with_obstacle/move_with_obstacle.egg-info/dependency_links.txt
[0.574s] writing entry points to ../build/move_with_obstacle/move_with_obstacle.egg-info/entry_points.txt
[0.574s] writing requirements to ../build/move_with_obstacle/move_with_obstacle.egg-info/requires.txt
[0.575s] writing top-level names to ../build/move_with_obstacle/move_with_obstacle.egg-info/top_level.txt
[0.576s] reading manifest file '../build/move_with_obstacle/move_with_obstacle.egg-info/SOURCES.txt'
[0.576s] writing manifest file '../build/move_with_obstacle/move_with_obstacle.egg-info/SOURCES.txt'
[0.576s] running build
[0.576s] running build_py
[0.576s] copying move_with_obstacle/obstacles.py -> /home/maksim/ros2_pose/build/move_with_obstacle/build/lib/move_with_obstacle
[0.577s] running install
[0.577s] running install_lib
[0.577s] copying /home/maksim/ros2_pose/build/move_with_obstacle/build/lib/move_with_obstacle/obstacles.py -> /home/maksim/ros2_pose/install/move_with_obstacle/lib/python3.10/site-packages/move_with_obstacle
[0.578s] byte-compiling /home/maksim/ros2_pose/install/move_with_obstacle/lib/python3.10/site-packages/move_with_obstacle/obstacles.py to obstacles.cpython-310.pyc
[0.578s]   File "/home/maksim/ros2_pose/install/move_with_obstacle/lib/python3.10/site-packages/move_with_obstacle/obstacles.py", line 54
[0.578s]     if self.flag != len(self.TARGETS[0]:
[0.578s]                                        ^
[0.578s] SyntaxError: invalid syntax
[0.578s] 
[0.579s] running install_data
[0.579s] running install_egg_info
[0.580s] removing '/home/maksim/ros2_pose/install/move_with_obstacle/lib/python3.10/site-packages/move_with_obstacle-0.0.0-py3.10.egg-info' (and everything under it)
[0.580s] Copying ../build/move_with_obstacle/move_with_obstacle.egg-info to /home/maksim/ros2_pose/install/move_with_obstacle/lib/python3.10/site-packages/move_with_obstacle-0.0.0-py3.10.egg-info
[0.581s] running install_scripts
[0.595s] Installing obstacles script to /home/maksim/ros2_pose/install/move_with_obstacle/lib/move_with_obstacle
[0.595s] Installing test_zaicev script to /home/maksim/ros2_pose/install/move_with_obstacle/lib/move_with_obstacle
[0.595s] writing list of installed files to '/home/maksim/ros2_pose/build/move_with_obstacle/install.log'
[0.614s] Invoked command in '/home/maksim/ros2_pose/move_with_obstacle' returned '0': PYTHONPATH=/home/maksim/ros2_pose/build/move_with_obstacle/prefix_override:/usr/lib/python3/dist-packages/colcon_core/task/python/colcon_distutils_commands:/home/maksim/ros2_pose/install/move_with_obstacle/lib/python3.10/site-packages:${PYTHONPATH} /usr/bin/python3 -W ignore:setup.py install is deprecated -W ignore:easy_install command is deprecated setup.py egg_info --egg-base ../build/move_with_obstacle build --build-base /home/maksim/ros2_pose/build/move_with_obstacle/build install --record /home/maksim/ros2_pose/build/move_with_obstacle/install.log --single-version-externally-managed install_data
