[0.188s] DEBUG:colcon:Command line arguments: ['/usr/bin/colcon', 'build']
[0.188s] DEBUG:colcon:Parsed command line arguments: Namespace(log_base=None, log_level=None, verb_name='build', build_base='build', install_base='install', merge_install=False, symlink_install=False, test_result_base=None, continue_on_error=False, executor='parallel', parallel_workers=12, event_handlers=None, ignore_user_meta=False, metas=['./colcon.meta'], base_paths=['.'], packages_ignore=None, packages_ignore_regex=None, paths=None, packages_up_to=None, packages_up_to_regex=None, packages_above=None, packages_above_and_dependencies=None, packages_above_depth=None, packages_select_by_dep=None, packages_skip_by_dep=None, packages_skip_up_to=None, packages_select_build_failed=False, packages_skip_build_finished=False, packages_select_test_failures=False, packages_skip_test_passed=False, packages_select=None, packages_skip=None, packages_select_regex=None, packages_skip_regex=None, packages_start=None, packages_end=None, allow_overriding=[], cmake_args=None, cmake_target=None, cmake_target_skip_unavailable=False, cmake_clean_cache=False, cmake_clean_first=False, cmake_force_configure=False, ament_cmake_args=None, catkin_cmake_args=None, catkin_skip_building_tests=False, mixin_files=None, mixin=None, verb_parser=<colcon_mixin.mixin.mixin_argument.MixinArgumentDecorator object at 0x7f21048d4a60>, verb_extension=<colcon_core.verb.build.BuildVerb object at 0x7f210489ffd0>, main=<bound method BuildVerb.main of <colcon_core.verb.build.BuildVerb object at 0x7f210489ffd0>>, mixin_verb=('build',))
[0.415s] Level 1:colcon.colcon_core.package_discovery:discover_packages(colcon_meta) check parameters
[0.416s] Level 1:colcon.colcon_core.package_discovery:discover_packages(recursive) check parameters
[0.416s] Level 1:colcon.colcon_core.package_discovery:discover_packages(ignore) check parameters
[0.416s] Level 1:colcon.colcon_core.package_discovery:discover_packages(path) check parameters
[0.416s] Level 1:colcon.colcon_core.package_discovery:discover_packages(colcon_meta) discover
[0.416s] Level 1:colcon.colcon_core.package_discovery:discover_packages(recursive) discover
[0.416s] INFO:colcon.colcon_core.package_discovery:Crawling recursively for packages in '/home/maksim/KT1_ROS'
[0.416s] Level 1:colcon.colcon_core.package_identification:_identify(.) by extensions ['ignore', 'ignore_ament_install']
[0.416s] Level 1:colcon.colcon_core.package_identification:_identify(.) by extension 'ignore'
[0.416s] Level 1:colcon.colcon_core.package_identification:_identify(.) by extension 'ignore_ament_install'
[0.416s] Level 1:colcon.colcon_core.package_identification:_identify(.) by extensions ['colcon_pkg']
[0.416s] Level 1:colcon.colcon_core.package_identification:_identify(.) by extension 'colcon_pkg'
[0.416s] Level 1:colcon.colcon_core.package_identification:_identify(.) by extensions ['colcon_meta']
[0.416s] Level 1:colcon.colcon_core.package_identification:_identify(.) by extension 'colcon_meta'
[0.416s] Level 1:colcon.colcon_core.package_identification:_identify(.) by extensions ['ros']
[0.416s] Level 1:colcon.colcon_core.package_identification:_identify(.) by extension 'ros'
[0.426s] Level 1:colcon.colcon_core.package_identification:_identify(.) by extensions ['cmake', 'python']
[0.426s] Level 1:colcon.colcon_core.package_identification:_identify(.) by extension 'cmake'
[0.426s] Level 1:colcon.colcon_core.package_identification:_identify(.) by extension 'python'
[0.426s] Level 1:colcon.colcon_core.package_identification:_identify(.) by extensions ['python_setup_py']
[0.426s] Level 1:colcon.colcon_core.package_identification:_identify(.) by extension 'python_setup_py'
[0.427s] Level 1:colcon.colcon_core.package_identification:_identify(build) by extensions ['ignore', 'ignore_ament_install']
[0.427s] Level 1:colcon.colcon_core.package_identification:_identify(build) by extension 'ignore'
[0.427s] Level 1:colcon.colcon_core.package_identification:_identify(build) ignored
[0.427s] Level 1:colcon.colcon_core.package_identification:_identify(custom_msgs) by extensions ['ignore', 'ignore_ament_install']
[0.427s] Level 1:colcon.colcon_core.package_identification:_identify(custom_msgs) by extension 'ignore'
[0.427s] Level 1:colcon.colcon_core.package_identification:_identify(custom_msgs) by extension 'ignore_ament_install'
[0.427s] Level 1:colcon.colcon_core.package_identification:_identify(custom_msgs) by extensions ['colcon_pkg']
[0.427s] Level 1:colcon.colcon_core.package_identification:_identify(custom_msgs) by extension 'colcon_pkg'
[0.427s] Level 1:colcon.colcon_core.package_identification:_identify(custom_msgs) by extensions ['colcon_meta']
[0.427s] Level 1:colcon.colcon_core.package_identification:_identify(custom_msgs) by extension 'colcon_meta'
[0.427s] Level 1:colcon.colcon_core.package_identification:_identify(custom_msgs) by extensions ['ros']
[0.427s] Level 1:colcon.colcon_core.package_identification:_identify(custom_msgs) by extension 'ros'
[0.430s] DEBUG:colcon.colcon_core.package_identification:Package 'custom_msgs' with type 'ros.ament_cmake' and name 'custom_msgs'
[0.430s] Level 1:colcon.colcon_core.package_identification:_identify(install) by extensions ['ignore', 'ignore_ament_install']
[0.430s] Level 1:colcon.colcon_core.package_identification:_identify(install) by extension 'ignore'
[0.430s] Level 1:colcon.colcon_core.package_identification:_identify(install) ignored
[0.430s] Level 1:colcon.colcon_core.package_identification:_identify(log) by extensions ['ignore', 'ignore_ament_install']
[0.430s] Level 1:colcon.colcon_core.package_identification:_identify(log) by extension 'ignore'
[0.430s] Level 1:colcon.colcon_core.package_identification:_identify(log) ignored
[0.430s] Level 1:colcon.colcon_core.package_identification:_identify(ros2_pose) by extensions ['ignore', 'ignore_ament_install']
[0.431s] Level 1:colcon.colcon_core.package_identification:_identify(ros2_pose) by extension 'ignore'
[0.431s] Level 1:colcon.colcon_core.package_identification:_identify(ros2_pose) by extension 'ignore_ament_install'
[0.431s] Level 1:colcon.colcon_core.package_identification:_identify(ros2_pose) by extensions ['colcon_pkg']
[0.431s] Level 1:colcon.colcon_core.package_identification:_identify(ros2_pose) by extension 'colcon_pkg'
[0.431s] Level 1:colcon.colcon_core.package_identification:_identify(ros2_pose) by extensions ['colcon_meta']
[0.431s] Level 1:colcon.colcon_core.package_identification:_identify(ros2_pose) by extension 'colcon_meta'
[0.431s] Level 1:colcon.colcon_core.package_identification:_identify(ros2_pose) by extensions ['ros']
[0.431s] Level 1:colcon.colcon_core.package_identification:_identify(ros2_pose) by extension 'ros'
[0.431s] Level 1:colcon.colcon_core.package_identification:_identify(ros2_pose) by extensions ['cmake', 'python']
[0.431s] Level 1:colcon.colcon_core.package_identification:_identify(ros2_pose) by extension 'cmake'
[0.431s] Level 1:colcon.colcon_core.package_identification:_identify(ros2_pose) by extension 'python'
[0.431s] Level 1:colcon.colcon_core.package_identification:_identify(ros2_pose) by extensions ['python_setup_py']
[0.431s] Level 1:colcon.colcon_core.package_identification:_identify(ros2_pose) by extension 'python_setup_py'
[0.431s] Level 1:colcon.colcon_core.package_identification:_identify(ros2_pose/build) by extensions ['ignore', 'ignore_ament_install']
[0.431s] Level 1:colcon.colcon_core.package_identification:_identify(ros2_pose/build) by extension 'ignore'
[0.431s] Level 1:colcon.colcon_core.package_identification:_identify(ros2_pose/build) ignored
[0.431s] Level 1:colcon.colcon_core.package_identification:_identify(ros2_pose/install) by extensions ['ignore', 'ignore_ament_install']
[0.432s] Level 1:colcon.colcon_core.package_identification:_identify(ros2_pose/install) by extension 'ignore'
[0.432s] Level 1:colcon.colcon_core.package_identification:_identify(ros2_pose/install) ignored
[0.432s] Level 1:colcon.colcon_core.package_identification:_identify(ros2_pose/log) by extensions ['ignore', 'ignore_ament_install']
[0.432s] Level 1:colcon.colcon_core.package_identification:_identify(ros2_pose/log) by extension 'ignore'
[0.432s] Level 1:colcon.colcon_core.package_identification:_identify(ros2_pose/log) ignored
[0.432s] Level 1:colcon.colcon_core.package_identification:_identify(ros2_pose/move_with_obstacle) by extensions ['ignore', 'ignore_ament_install']
[0.432s] Level 1:colcon.colcon_core.package_identification:_identify(ros2_pose/move_with_obstacle) by extension 'ignore'
[0.432s] Level 1:colcon.colcon_core.package_identification:_identify(ros2_pose/move_with_obstacle) by extension 'ignore_ament_install'
[0.432s] Level 1:colcon.colcon_core.package_identification:_identify(ros2_pose/move_with_obstacle) by extensions ['colcon_pkg']
[0.432s] Level 1:colcon.colcon_core.package_identification:_identify(ros2_pose/move_with_obstacle) by extension 'colcon_pkg'
[0.432s] Level 1:colcon.colcon_core.package_identification:_identify(ros2_pose/move_with_obstacle) by extensions ['colcon_meta']
[0.433s] Level 1:colcon.colcon_core.package_identification:_identify(ros2_pose/move_with_obstacle) by extension 'colcon_meta'
[0.433s] Level 1:colcon.colcon_core.package_identification:_identify(ros2_pose/move_with_obstacle) by extensions ['ros']
[0.433s] Level 1:colcon.colcon_core.package_identification:_identify(ros2_pose/move_with_obstacle) by extension 'ros'
[0.433s] DEBUG:colcon.colcon_core.package_identification:Package 'ros2_pose/move_with_obstacle' with type 'ros.ament_python' and name 'move_with_obstacle'
[0.433s] Level 1:colcon.colcon_core.package_discovery:discover_packages(recursive) using defaults
[0.433s] Level 1:colcon.colcon_core.package_discovery:discover_packages(ignore) discover
[0.433s] Level 1:colcon.colcon_core.package_discovery:discover_packages(ignore) using defaults
[0.433s] Level 1:colcon.colcon_core.package_discovery:discover_packages(path) discover
[0.433s] Level 1:colcon.colcon_core.package_discovery:discover_packages(path) using defaults
[0.467s] Level 1:colcon.colcon_core.package_discovery:discover_packages(prefix_path) check parameters
[0.468s] Level 1:colcon.colcon_core.package_discovery:discover_packages(prefix_path) discover
[0.470s] DEBUG:colcon.colcon_installed_package_information.package_discovery:Found 2 installed packages in /home/maksim/KT1_ROS/install
[0.472s] DEBUG:colcon.colcon_installed_package_information.package_discovery:Found 270 installed packages in /opt/ros/humble
[0.473s] Level 1:colcon.colcon_core.package_discovery:discover_packages(prefix_path) using defaults
[0.535s] Level 5:colcon.colcon_core.verb:set package 'custom_msgs' build argument 'cmake_args' from command line to 'None'
[0.535s] Level 5:colcon.colcon_core.verb:set package 'custom_msgs' build argument 'cmake_target' from command line to 'None'
[0.535s] Level 5:colcon.colcon_core.verb:set package 'custom_msgs' build argument 'cmake_target_skip_unavailable' from command line to 'False'
[0.535s] Level 5:colcon.colcon_core.verb:set package 'custom_msgs' build argument 'cmake_clean_cache' from command line to 'False'
[0.535s] Level 5:colcon.colcon_core.verb:set package 'custom_msgs' build argument 'cmake_clean_first' from command line to 'False'
[0.535s] Level 5:colcon.colcon_core.verb:set package 'custom_msgs' build argument 'cmake_force_configure' from command line to 'False'
[0.535s] Level 5:colcon.colcon_core.verb:set package 'custom_msgs' build argument 'ament_cmake_args' from command line to 'None'
[0.535s] Level 5:colcon.colcon_core.verb:set package 'custom_msgs' build argument 'catkin_cmake_args' from command line to 'None'
[0.535s] Level 5:colcon.colcon_core.verb:set package 'custom_msgs' build argument 'catkin_skip_building_tests' from command line to 'False'
[0.535s] DEBUG:colcon.colcon_core.verb:Building package 'custom_msgs' with the following arguments: {'ament_cmake_args': None, 'build_base': '/home/maksim/KT1_ROS/build/custom_msgs', 'catkin_cmake_args': None, 'catkin_skip_building_tests': False, 'cmake_args': None, 'cmake_clean_cache': False, 'cmake_clean_first': False, 'cmake_force_configure': False, 'cmake_target': None, 'cmake_target_skip_unavailable': False, 'install_base': '/home/maksim/KT1_ROS/install/custom_msgs', 'merge_install': False, 'path': '/home/maksim/KT1_ROS/custom_msgs', 'symlink_install': False, 'test_result_base': None}
[0.535s] Level 5:colcon.colcon_core.verb:set package 'move_with_obstacle' build argument 'cmake_args' from command line to 'None'
[0.535s] Level 5:colcon.colcon_core.verb:set package 'move_with_obstacle' build argument 'cmake_target' from command line to 'None'
[0.535s] Level 5:colcon.colcon_core.verb:set package 'move_with_obstacle' build argument 'cmake_target_skip_unavailable' from command line to 'False'
[0.535s] Level 5:colcon.colcon_core.verb:set package 'move_with_obstacle' build argument 'cmake_clean_cache' from command line to 'False'
[0.535s] Level 5:colcon.colcon_core.verb:set package 'move_with_obstacle' build argument 'cmake_clean_first' from command line to 'False'
[0.535s] Level 5:colcon.colcon_core.verb:set package 'move_with_obstacle' build argument 'cmake_force_configure' from command line to 'False'
[0.535s] Level 5:colcon.colcon_core.verb:set package 'move_with_obstacle' build argument 'ament_cmake_args' from command line to 'None'
[0.535s] Level 5:colcon.colcon_core.verb:set package 'move_with_obstacle' build argument 'catkin_cmake_args' from command line to 'None'
[0.535s] Level 5:colcon.colcon_core.verb:set package 'move_with_obstacle' build argument 'catkin_skip_building_tests' from command line to 'False'
[0.535s] DEBUG:colcon.colcon_core.verb:Building package 'move_with_obstacle' with the following arguments: {'ament_cmake_args': None, 'build_base': '/home/maksim/KT1_ROS/build/move_with_obstacle', 'catkin_cmake_args': None, 'catkin_skip_building_tests': False, 'cmake_args': None, 'cmake_clean_cache': False, 'cmake_clean_first': False, 'cmake_force_configure': False, 'cmake_target': None, 'cmake_target_skip_unavailable': False, 'install_base': '/home/maksim/KT1_ROS/install/move_with_obstacle', 'merge_install': False, 'path': '/home/maksim/KT1_ROS/ros2_pose/move_with_obstacle', 'symlink_install': False, 'test_result_base': None}
[0.535s] INFO:colcon.colcon_core.executor:Executing jobs using 'parallel' executor
[0.536s] DEBUG:colcon.colcon_parallel_executor.executor.parallel:run_until_complete
[0.536s] INFO:colcon.colcon_ros.task.ament_cmake.build:Building ROS package in '/home/maksim/KT1_ROS/custom_msgs' with build type 'ament_cmake'
[0.536s] INFO:colcon.colcon_cmake.task.cmake.build:Building CMake package in '/home/maksim/KT1_ROS/custom_msgs'
[0.540s] INFO:colcon.colcon_core.plugin_system:Skipping extension 'colcon_core.shell.bat': Not used on non-Windows systems
[0.540s] INFO:colcon.colcon_core.shell:Skip shell extension 'powershell' for command environment: Not usable outside of PowerShell
[0.540s] DEBUG:colcon.colcon_core.shell:Skip shell extension 'dsv' for command environment
[0.551s] DEBUG:colcon.colcon_core.event_handler.log_command:Invoking command in '/home/maksim/KT1_ROS/build/custom_msgs': CMAKE_PREFIX_PATH=${CMAKE_PREFIX_PATH}:/home/maksim/KT1_ROS/install/move_with_obstacle:/opt/ros/humble /usr/bin/cmake --build /home/maksim/KT1_ROS/build/custom_msgs -- -j12 -l12
[0.806s] DEBUG:colcon.colcon_core.event_handler.log_command:Invoked command in '/home/maksim/KT1_ROS/build/custom_msgs' returned '0': CMAKE_PREFIX_PATH=${CMAKE_PREFIX_PATH}:/home/maksim/KT1_ROS/install/move_with_obstacle:/opt/ros/humble /usr/bin/cmake --build /home/maksim/KT1_ROS/build/custom_msgs -- -j12 -l12
[0.813s] DEBUG:colcon.colcon_core.event_handler.log_command:Invoking command in '/home/maksim/KT1_ROS/build/custom_msgs': CMAKE_PREFIX_PATH=${CMAKE_PREFIX_PATH}:/home/maksim/KT1_ROS/install/move_with_obstacle:/opt/ros/humble /usr/bin/cmake --install /home/maksim/KT1_ROS/build/custom_msgs
[0.859s] Level 1:colcon.colcon_core.environment:create_environment_scripts_only(custom_msgs)
[0.859s] DEBUG:colcon.colcon_core.event_handler.log_command:Invoked command in '/home/maksim/KT1_ROS/build/custom_msgs' returned '0': CMAKE_PREFIX_PATH=${CMAKE_PREFIX_PATH}:/home/maksim/KT1_ROS/install/move_with_obstacle:/opt/ros/humble /usr/bin/cmake --install /home/maksim/KT1_ROS/build/custom_msgs
[0.864s] Level 1:colcon.colcon_core.environment:checking '/home/maksim/KT1_ROS/install/custom_msgs' for CMake module files
[0.865s] Level 1:colcon.colcon_core.environment:checking '/home/maksim/KT1_ROS/install/custom_msgs' for CMake config files
[0.866s] Level 1:colcon.colcon_core.shell:create_environment_hook('custom_msgs', 'cmake_prefix_path')
[0.866s] INFO:colcon.colcon_core.shell:Creating environment hook '/home/maksim/KT1_ROS/install/custom_msgs/share/custom_msgs/hook/cmake_prefix_path.ps1'
[0.866s] INFO:colcon.colcon_core.shell:Creating environment descriptor '/home/maksim/KT1_ROS/install/custom_msgs/share/custom_msgs/hook/cmake_prefix_path.dsv'
[0.867s] INFO:colcon.colcon_core.shell:Creating environment hook '/home/maksim/KT1_ROS/install/custom_msgs/share/custom_msgs/hook/cmake_prefix_path.sh'
[0.868s] Level 1:colcon.colcon_core.environment:checking '/home/maksim/KT1_ROS/install/custom_msgs/lib'
[0.868s] Level 1:colcon.colcon_core.shell:create_environment_hook('custom_msgs', 'ld_library_path_lib')
[0.868s] INFO:colcon.colcon_core.shell:Creating environment hook '/home/maksim/KT1_ROS/install/custom_msgs/share/custom_msgs/hook/ld_library_path_lib.ps1'
[0.868s] INFO:colcon.colcon_core.shell:Creating environment descriptor '/home/maksim/KT1_ROS/install/custom_msgs/share/custom_msgs/hook/ld_library_path_lib.dsv'
[0.868s] INFO:colcon.colcon_core.shell:Creating environment hook '/home/maksim/KT1_ROS/install/custom_msgs/share/custom_msgs/hook/ld_library_path_lib.sh'
[0.869s] Level 1:colcon.colcon_core.environment:checking '/home/maksim/KT1_ROS/install/custom_msgs/bin'
[0.869s] Level 1:colcon.colcon_core.environment:checking '/home/maksim/KT1_ROS/install/custom_msgs/lib/pkgconfig/custom_msgs.pc'
[0.869s] Level 1:colcon.colcon_core.environment:checking '/home/maksim/KT1_ROS/install/custom_msgs/lib/python3.10/site-packages'
[0.869s] Level 1:colcon.colcon_core.environment:checking '/home/maksim/KT1_ROS/install/custom_msgs/bin'
[0.869s] INFO:colcon.colcon_core.shell:Creating package script '/home/maksim/KT1_ROS/install/custom_msgs/share/custom_msgs/package.ps1'
[0.870s] INFO:colcon.colcon_core.shell:Creating package descriptor '/home/maksim/KT1_ROS/install/custom_msgs/share/custom_msgs/package.dsv'
[0.870s] INFO:colcon.colcon_core.shell:Creating package script '/home/maksim/KT1_ROS/install/custom_msgs/share/custom_msgs/package.sh'
[0.871s] INFO:colcon.colcon_core.shell:Creating package script '/home/maksim/KT1_ROS/install/custom_msgs/share/custom_msgs/package.bash'
[0.872s] INFO:colcon.colcon_core.shell:Creating package script '/home/maksim/KT1_ROS/install/custom_msgs/share/custom_msgs/package.zsh'
[0.872s] Level 1:colcon.colcon_core.environment:create_file_with_runtime_dependencies(/home/maksim/KT1_ROS/install/custom_msgs/share/colcon-core/packages/custom_msgs)
[0.873s] Level 1:colcon.colcon_core.environment:create_environment_scripts_only(custom_msgs)
[0.873s] Level 1:colcon.colcon_core.environment:checking '/home/maksim/KT1_ROS/install/custom_msgs' for CMake module files
[0.873s] Level 1:colcon.colcon_core.environment:checking '/home/maksim/KT1_ROS/install/custom_msgs' for CMake config files
[0.873s] Level 1:colcon.colcon_core.shell:create_environment_hook('custom_msgs', 'cmake_prefix_path')
[0.874s] INFO:colcon.colcon_core.shell:Creating environment hook '/home/maksim/KT1_ROS/install/custom_msgs/share/custom_msgs/hook/cmake_prefix_path.ps1'
[0.874s] INFO:colcon.colcon_core.shell:Creating environment descriptor '/home/maksim/KT1_ROS/install/custom_msgs/share/custom_msgs/hook/cmake_prefix_path.dsv'
[0.874s] INFO:colcon.colcon_core.shell:Creating environment hook '/home/maksim/KT1_ROS/install/custom_msgs/share/custom_msgs/hook/cmake_prefix_path.sh'
[0.874s] Level 1:colcon.colcon_core.environment:checking '/home/maksim/KT1_ROS/install/custom_msgs/lib'
[0.874s] Level 1:colcon.colcon_core.shell:create_environment_hook('custom_msgs', 'ld_library_path_lib')
[0.874s] INFO:colcon.colcon_core.shell:Creating environment hook '/home/maksim/KT1_ROS/install/custom_msgs/share/custom_msgs/hook/ld_library_path_lib.ps1'
[0.875s] INFO:colcon.colcon_core.shell:Creating environment descriptor '/home/maksim/KT1_ROS/install/custom_msgs/share/custom_msgs/hook/ld_library_path_lib.dsv'
[0.875s] INFO:colcon.colcon_core.shell:Creating environment hook '/home/maksim/KT1_ROS/install/custom_msgs/share/custom_msgs/hook/ld_library_path_lib.sh'
[0.875s] Level 1:colcon.colcon_core.environment:checking '/home/maksim/KT1_ROS/install/custom_msgs/bin'
[0.875s] Level 1:colcon.colcon_core.environment:checking '/home/maksim/KT1_ROS/install/custom_msgs/lib/pkgconfig/custom_msgs.pc'
[0.875s] Level 1:colcon.colcon_core.environment:checking '/home/maksim/KT1_ROS/install/custom_msgs/lib/python3.10/site-packages'
[0.875s] Level 1:colcon.colcon_core.environment:checking '/home/maksim/KT1_ROS/install/custom_msgs/bin'
[0.876s] INFO:colcon.colcon_core.shell:Creating package script '/home/maksim/KT1_ROS/install/custom_msgs/share/custom_msgs/package.ps1'
[0.876s] INFO:colcon.colcon_core.shell:Creating package descriptor '/home/maksim/KT1_ROS/install/custom_msgs/share/custom_msgs/package.dsv'
[0.876s] INFO:colcon.colcon_core.shell:Creating package script '/home/maksim/KT1_ROS/install/custom_msgs/share/custom_msgs/package.sh'
[0.876s] INFO:colcon.colcon_core.shell:Creating package script '/home/maksim/KT1_ROS/install/custom_msgs/share/custom_msgs/package.bash'
[0.877s] INFO:colcon.colcon_core.shell:Creating package script '/home/maksim/KT1_ROS/install/custom_msgs/share/custom_msgs/package.zsh'
[0.877s] Level 1:colcon.colcon_core.environment:create_file_with_runtime_dependencies(/home/maksim/KT1_ROS/install/custom_msgs/share/colcon-core/packages/custom_msgs)
[0.877s] INFO:colcon.colcon_ros.task.ament_python.build:Building ROS package in '/home/maksim/KT1_ROS/ros2_pose/move_with_obstacle' with build type 'ament_python'
[0.877s] Level 1:colcon.colcon_core.shell:create_environment_hook('move_with_obstacle', 'ament_prefix_path')
[0.877s] INFO:colcon.colcon_core.shell:Creating environment hook '/home/maksim/KT1_ROS/install/move_with_obstacle/share/move_with_obstacle/hook/ament_prefix_path.ps1'
[0.878s] INFO:colcon.colcon_core.shell:Creating environment descriptor '/home/maksim/KT1_ROS/install/move_with_obstacle/share/move_with_obstacle/hook/ament_prefix_path.dsv'
[0.879s] INFO:colcon.colcon_core.shell:Creating environment hook '/home/maksim/KT1_ROS/install/move_with_obstacle/share/move_with_obstacle/hook/ament_prefix_path.sh'
[0.879s] INFO:colcon.colcon_core.shell:Skip shell extension 'powershell' for command environment: Not usable outside of PowerShell
[0.879s] DEBUG:colcon.colcon_core.shell:Skip shell extension 'dsv' for command environment
[1.079s] INFO:colcon.colcon_core.task.python.build:Building Python package in '/home/maksim/KT1_ROS/ros2_pose/move_with_obstacle'
[1.079s] INFO:colcon.colcon_core.shell:Skip shell extension 'powershell' for command environment: Not usable outside of PowerShell
[1.079s] DEBUG:colcon.colcon_core.shell:Skip shell extension 'dsv' for command environment
[1.441s] DEBUG:colcon.colcon_core.event_handler.log_command:Invoking command in '/home/maksim/KT1_ROS/ros2_pose/move_with_obstacle': PYTHONPATH=/home/maksim/KT1_ROS/build/move_with_obstacle/prefix_override:/usr/lib/python3/dist-packages/colcon_core/task/python/colcon_distutils_commands:/home/maksim/KT1_ROS/install/move_with_obstacle/lib/python3.10/site-packages:${PYTHONPATH} /usr/bin/python3 -W ignore:setup.py install is deprecated -W ignore:easy_install command is deprecated setup.py egg_info --egg-base ../../build/move_with_obstacle build --build-base /home/maksim/KT1_ROS/build/move_with_obstacle/build install --record /home/maksim/KT1_ROS/build/move_with_obstacle/install.log --single-version-externally-managed install_data
[1.628s] Level 1:colcon.colcon_core.environment:checking '/home/maksim/KT1_ROS/install/move_with_obstacle' for CMake module files
[1.628s] DEBUG:colcon.colcon_core.event_handler.log_command:Invoked command in '/home/maksim/KT1_ROS/ros2_pose/move_with_obstacle' returned '0': PYTHONPATH=/home/maksim/KT1_ROS/build/move_with_obstacle/prefix_override:/usr/lib/python3/dist-packages/colcon_core/task/python/colcon_distutils_commands:/home/maksim/KT1_ROS/install/move_with_obstacle/lib/python3.10/site-packages:${PYTHONPATH} /usr/bin/python3 -W ignore:setup.py install is deprecated -W ignore:easy_install command is deprecated setup.py egg_info --egg-base ../../build/move_with_obstacle build --build-base /home/maksim/KT1_ROS/build/move_with_obstacle/build install --record /home/maksim/KT1_ROS/build/move_with_obstacle/install.log --single-version-externally-managed install_data
[1.629s] Level 1:colcon.colcon_core.environment:checking '/home/maksim/KT1_ROS/install/move_with_obstacle' for CMake config files
[1.630s] Level 1:colcon.colcon_core.environment:checking '/home/maksim/KT1_ROS/install/move_with_obstacle/lib'
[1.630s] Level 1:colcon.colcon_core.environment:checking '/home/maksim/KT1_ROS/install/move_with_obstacle/bin'
[1.630s] Level 1:colcon.colcon_core.environment:checking '/home/maksim/KT1_ROS/install/move_with_obstacle/lib/pkgconfig/move_with_obstacle.pc'
[1.631s] Level 1:colcon.colcon_core.environment:checking '/home/maksim/KT1_ROS/install/move_with_obstacle/lib/python3.10/site-packages'
[1.631s] Level 1:colcon.colcon_core.shell:create_environment_hook('move_with_obstacle', 'pythonpath')
[1.631s] INFO:colcon.colcon_core.shell:Creating environment hook '/home/maksim/KT1_ROS/install/move_with_obstacle/share/move_with_obstacle/hook/pythonpath.ps1'
[1.631s] INFO:colcon.colcon_core.shell:Creating environment descriptor '/home/maksim/KT1_ROS/install/move_with_obstacle/share/move_with_obstacle/hook/pythonpath.dsv'
[1.631s] INFO:colcon.colcon_core.shell:Creating environment hook '/home/maksim/KT1_ROS/install/move_with_obstacle/share/move_with_obstacle/hook/pythonpath.sh'
[1.632s] Level 1:colcon.colcon_core.environment:checking '/home/maksim/KT1_ROS/install/move_with_obstacle/bin'
[1.632s] Level 1:colcon.colcon_core.environment:create_environment_scripts_only(move_with_obstacle)
[1.632s] INFO:colcon.colcon_core.shell:Creating package script '/home/maksim/KT1_ROS/install/move_with_obstacle/share/move_with_obstacle/package.ps1'
[1.632s] INFO:colcon.colcon_core.shell:Creating package descriptor '/home/maksim/KT1_ROS/install/move_with_obstacle/share/move_with_obstacle/package.dsv'
[1.632s] INFO:colcon.colcon_core.shell:Creating package script '/home/maksim/KT1_ROS/install/move_with_obstacle/share/move_with_obstacle/package.sh'
[1.633s] INFO:colcon.colcon_core.shell:Creating package script '/home/maksim/KT1_ROS/install/move_with_obstacle/share/move_with_obstacle/package.bash'
[1.633s] INFO:colcon.colcon_core.shell:Creating package script '/home/maksim/KT1_ROS/install/move_with_obstacle/share/move_with_obstacle/package.zsh'
[1.633s] Level 1:colcon.colcon_core.environment:create_file_with_runtime_dependencies(/home/maksim/KT1_ROS/install/move_with_obstacle/share/colcon-core/packages/move_with_obstacle)
[1.633s] DEBUG:colcon.colcon_parallel_executor.executor.parallel:closing loop
[1.634s] DEBUG:colcon.colcon_parallel_executor.executor.parallel:loop closed
[1.634s] DEBUG:colcon.colcon_parallel_executor.executor.parallel:run_until_complete finished with '0'
[1.634s] DEBUG:colcon.colcon_core.event_reactor:joining thread
[1.661s] INFO:colcon.colcon_core.plugin_system:Skipping extension 'colcon_notification.desktop_notification.notify_send': Could not find 'notify-send'
[1.661s] INFO:colcon.colcon_core.plugin_system:Skipping extension 'colcon_notification.desktop_notification.terminal_notifier': Not used on non-Darwin systems
[1.661s] INFO:colcon.colcon_core.plugin_system:Skipping extension 'colcon_notification.desktop_notification.win32': Not used on non-Windows systems
[1.661s] INFO:colcon.colcon_notification.desktop_notification:Sending desktop notification using 'notify2'
[1.661s] DEBUG:colcon.colcon_notification.desktop_notification.notify2:Failed to initialize notify2: org.freedesktop.DBus.Error.FileNotFound: Failed to connect to socket /run/user/1000/bus: No such file or directory
[1.661s] DEBUG:colcon.colcon_core.event_reactor:joined thread
[1.662s] INFO:colcon.colcon_core.shell:Creating prefix script '/home/maksim/KT1_ROS/install/local_setup.ps1'
[1.663s] INFO:colcon.colcon_core.shell:Creating prefix util module '/home/maksim/KT1_ROS/install/_local_setup_util_ps1.py'
[1.664s] INFO:colcon.colcon_core.shell:Creating prefix chain script '/home/maksim/KT1_ROS/install/setup.ps1'
[1.664s] INFO:colcon.colcon_core.shell:Creating prefix script '/home/maksim/KT1_ROS/install/local_setup.sh'
[1.665s] INFO:colcon.colcon_core.shell:Creating prefix util module '/home/maksim/KT1_ROS/install/_local_setup_util_sh.py'
[1.665s] INFO:colcon.colcon_core.shell:Creating prefix chain script '/home/maksim/KT1_ROS/install/setup.sh'
[1.666s] INFO:colcon.colcon_core.shell:Creating prefix script '/home/maksim/KT1_ROS/install/local_setup.bash'
[1.667s] INFO:colcon.colcon_core.shell:Creating prefix chain script '/home/maksim/KT1_ROS/install/setup.bash'
[1.668s] INFO:colcon.colcon_core.shell:Creating prefix script '/home/maksim/KT1_ROS/install/local_setup.zsh'
[1.668s] INFO:colcon.colcon_core.shell:Creating prefix chain script '/home/maksim/KT1_ROS/install/setup.zsh'
