[0.183s] DEBUG:colcon:Command line arguments: ['/usr/bin/colcon', 'build']
[0.183s] DEBUG:colcon:Parsed command line arguments: Namespace(log_base=None, log_level=None, verb_name='build', build_base='build', install_base='install', merge_install=False, symlink_install=False, test_result_base=None, continue_on_error=False, executor='parallel', parallel_workers=12, event_handlers=None, ignore_user_meta=False, metas=['./colcon.meta'], base_paths=['.'], packages_ignore=None, packages_ignore_regex=None, paths=None, packages_up_to=None, packages_up_to_regex=None, packages_above=None, packages_above_and_dependencies=None, packages_above_depth=None, packages_select_by_dep=None, packages_skip_by_dep=None, packages_skip_up_to=None, packages_select_build_failed=False, packages_skip_build_finished=False, packages_select_test_failures=False, packages_skip_test_passed=False, packages_select=None, packages_skip=None, packages_select_regex=None, packages_skip_regex=None, packages_start=None, packages_end=None, allow_overriding=[], cmake_args=None, cmake_target=None, cmake_target_skip_unavailable=False, cmake_clean_cache=False, cmake_clean_first=False, cmake_force_configure=False, ament_cmake_args=None, catkin_cmake_args=None, catkin_skip_building_tests=False, mixin_files=None, mixin=None, verb_parser=<colcon_mixin.mixin.mixin_argument.MixinArgumentDecorator object at 0x7f4cf56f1510>, verb_extension=<colcon_core.verb.build.BuildVerb object at 0x7f4cf5882410>, main=<bound method BuildVerb.main of <colcon_core.verb.build.BuildVerb object at 0x7f4cf5882410>>, mixin_verb=('build',))
[0.407s] Level 1:colcon.colcon_core.package_discovery:discover_packages(colcon_meta) check parameters
[0.407s] Level 1:colcon.colcon_core.package_discovery:discover_packages(recursive) check parameters
[0.407s] Level 1:colcon.colcon_core.package_discovery:discover_packages(ignore) check parameters
[0.407s] Level 1:colcon.colcon_core.package_discovery:discover_packages(path) check parameters
[0.407s] Level 1:colcon.colcon_core.package_discovery:discover_packages(colcon_meta) discover
[0.407s] Level 1:colcon.colcon_core.package_discovery:discover_packages(recursive) discover
[0.407s] INFO:colcon.colcon_core.package_discovery:Crawling recursively for packages in '/home/maksim/KT1_ROS'
[0.407s] Level 1:colcon.colcon_core.package_identification:_identify(.) by extensions ['ignore', 'ignore_ament_install']
[0.407s] Level 1:colcon.colcon_core.package_identification:_identify(.) by extension 'ignore'
[0.407s] Level 1:colcon.colcon_core.package_identification:_identify(.) by extension 'ignore_ament_install'
[0.407s] Level 1:colcon.colcon_core.package_identification:_identify(.) by extensions ['colcon_pkg']
[0.407s] Level 1:colcon.colcon_core.package_identification:_identify(.) by extension 'colcon_pkg'
[0.407s] Level 1:colcon.colcon_core.package_identification:_identify(.) by extensions ['colcon_meta']
[0.407s] Level 1:colcon.colcon_core.package_identification:_identify(.) by extension 'colcon_meta'
[0.407s] Level 1:colcon.colcon_core.package_identification:_identify(.) by extensions ['ros']
[0.407s] Level 1:colcon.colcon_core.package_identification:_identify(.) by extension 'ros'
[0.417s] Level 1:colcon.colcon_core.package_identification:_identify(.) by extensions ['cmake', 'python']
[0.417s] Level 1:colcon.colcon_core.package_identification:_identify(.) by extension 'cmake'
[0.417s] Level 1:colcon.colcon_core.package_identification:_identify(.) by extension 'python'
[0.417s] Level 1:colcon.colcon_core.package_identification:_identify(.) by extensions ['python_setup_py']
[0.417s] Level 1:colcon.colcon_core.package_identification:_identify(.) by extension 'python_setup_py'
[0.417s] Level 1:colcon.colcon_core.package_identification:_identify(build) by extensions ['ignore', 'ignore_ament_install']
[0.417s] Level 1:colcon.colcon_core.package_identification:_identify(build) by extension 'ignore'
[0.417s] Level 1:colcon.colcon_core.package_identification:_identify(build) ignored
[0.417s] Level 1:colcon.colcon_core.package_identification:_identify(custom_msgs) by extensions ['ignore', 'ignore_ament_install']
[0.417s] Level 1:colcon.colcon_core.package_identification:_identify(custom_msgs) by extension 'ignore'
[0.417s] Level 1:colcon.colcon_core.package_identification:_identify(custom_msgs) by extension 'ignore_ament_install'
[0.417s] Level 1:colcon.colcon_core.package_identification:_identify(custom_msgs) by extensions ['colcon_pkg']
[0.417s] Level 1:colcon.colcon_core.package_identification:_identify(custom_msgs) by extension 'colcon_pkg'
[0.417s] Level 1:colcon.colcon_core.package_identification:_identify(custom_msgs) by extensions ['colcon_meta']
[0.417s] Level 1:colcon.colcon_core.package_identification:_identify(custom_msgs) by extension 'colcon_meta'
[0.418s] Level 1:colcon.colcon_core.package_identification:_identify(custom_msgs) by extensions ['ros']
[0.418s] Level 1:colcon.colcon_core.package_identification:_identify(custom_msgs) by extension 'ros'
[0.420s] DEBUG:colcon.colcon_core.package_identification:Package 'custom_msgs' with type 'ros.ament_cmake' and name 'custom_msgs'
[0.420s] Level 1:colcon.colcon_core.package_identification:_identify(install) by extensions ['ignore', 'ignore_ament_install']
[0.420s] Level 1:colcon.colcon_core.package_identification:_identify(install) by extension 'ignore'
[0.420s] Level 1:colcon.colcon_core.package_identification:_identify(install) ignored
[0.420s] Level 1:colcon.colcon_core.package_identification:_identify(log) by extensions ['ignore', 'ignore_ament_install']
[0.420s] Level 1:colcon.colcon_core.package_identification:_identify(log) by extension 'ignore'
[0.420s] Level 1:colcon.colcon_core.package_identification:_identify(log) ignored
[0.420s] Level 1:colcon.colcon_core.package_identification:_identify(ros2_pose) by extensions ['ignore', 'ignore_ament_install']
[0.420s] Level 1:colcon.colcon_core.package_identification:_identify(ros2_pose) by extension 'ignore'
[0.420s] Level 1:colcon.colcon_core.package_identification:_identify(ros2_pose) by extension 'ignore_ament_install'
[0.420s] Level 1:colcon.colcon_core.package_identification:_identify(ros2_pose) by extensions ['colcon_pkg']
[0.421s] Level 1:colcon.colcon_core.package_identification:_identify(ros2_pose) by extension 'colcon_pkg'
[0.421s] Level 1:colcon.colcon_core.package_identification:_identify(ros2_pose) by extensions ['colcon_meta']
[0.421s] Level 1:colcon.colcon_core.package_identification:_identify(ros2_pose) by extension 'colcon_meta'
[0.421s] Level 1:colcon.colcon_core.package_identification:_identify(ros2_pose) by extensions ['ros']
[0.421s] Level 1:colcon.colcon_core.package_identification:_identify(ros2_pose) by extension 'ros'
[0.421s] Level 1:colcon.colcon_core.package_identification:_identify(ros2_pose) by extensions ['cmake', 'python']
[0.421s] Level 1:colcon.colcon_core.package_identification:_identify(ros2_pose) by extension 'cmake'
[0.421s] Level 1:colcon.colcon_core.package_identification:_identify(ros2_pose) by extension 'python'
[0.421s] Level 1:colcon.colcon_core.package_identification:_identify(ros2_pose) by extensions ['python_setup_py']
[0.421s] Level 1:colcon.colcon_core.package_identification:_identify(ros2_pose) by extension 'python_setup_py'
[0.421s] Level 1:colcon.colcon_core.package_identification:_identify(ros2_pose/build) by extensions ['ignore', 'ignore_ament_install']
[0.421s] Level 1:colcon.colcon_core.package_identification:_identify(ros2_pose/build) by extension 'ignore'
[0.421s] Level 1:colcon.colcon_core.package_identification:_identify(ros2_pose/build) ignored
[0.421s] Level 1:colcon.colcon_core.package_identification:_identify(ros2_pose/install) by extensions ['ignore', 'ignore_ament_install']
[0.421s] Level 1:colcon.colcon_core.package_identification:_identify(ros2_pose/install) by extension 'ignore'
[0.421s] Level 1:colcon.colcon_core.package_identification:_identify(ros2_pose/install) ignored
[0.422s] Level 1:colcon.colcon_core.package_identification:_identify(ros2_pose/log) by extensions ['ignore', 'ignore_ament_install']
[0.422s] Level 1:colcon.colcon_core.package_identification:_identify(ros2_pose/log) by extension 'ignore'
[0.422s] Level 1:colcon.colcon_core.package_identification:_identify(ros2_pose/log) ignored
[0.422s] Level 1:colcon.colcon_core.package_identification:_identify(ros2_pose/move_with_obstacle) by extensions ['ignore', 'ignore_ament_install']
[0.422s] Level 1:colcon.colcon_core.package_identification:_identify(ros2_pose/move_with_obstacle) by extension 'ignore'
[0.422s] Level 1:colcon.colcon_core.package_identification:_identify(ros2_pose/move_with_obstacle) by extension 'ignore_ament_install'
[0.422s] Level 1:colcon.colcon_core.package_identification:_identify(ros2_pose/move_with_obstacle) by extensions ['colcon_pkg']
[0.422s] Level 1:colcon.colcon_core.package_identification:_identify(ros2_pose/move_with_obstacle) by extension 'colcon_pkg'
[0.422s] Level 1:colcon.colcon_core.package_identification:_identify(ros2_pose/move_with_obstacle) by extensions ['colcon_meta']
[0.422s] Level 1:colcon.colcon_core.package_identification:_identify(ros2_pose/move_with_obstacle) by extension 'colcon_meta'
[0.422s] Level 1:colcon.colcon_core.package_identification:_identify(ros2_pose/move_with_obstacle) by extensions ['ros']
[0.422s] Level 1:colcon.colcon_core.package_identification:_identify(ros2_pose/move_with_obstacle) by extension 'ros'
[0.423s] DEBUG:colcon.colcon_core.package_identification:Package 'ros2_pose/move_with_obstacle' with type 'ros.ament_python' and name 'move_with_obstacle'
[0.423s] Level 1:colcon.colcon_core.package_discovery:discover_packages(recursive) using defaults
[0.423s] Level 1:colcon.colcon_core.package_discovery:discover_packages(ignore) discover
[0.423s] Level 1:colcon.colcon_core.package_discovery:discover_packages(ignore) using defaults
[0.423s] Level 1:colcon.colcon_core.package_discovery:discover_packages(path) discover
[0.423s] Level 1:colcon.colcon_core.package_discovery:discover_packages(path) using defaults
[0.450s] Level 1:colcon.colcon_core.package_discovery:discover_packages(prefix_path) check parameters
[0.450s] Level 1:colcon.colcon_core.package_discovery:discover_packages(prefix_path) discover
[0.453s] DEBUG:colcon.colcon_installed_package_information.package_discovery:Found 2 installed packages in /home/maksim/KT1_ROS/install
[0.454s] DEBUG:colcon.colcon_installed_package_information.package_discovery:Found 1 installed packages in /home/maksim/KT1_ROS/custom_msgs/install
[0.454s] DEBUG:colcon.colcon_installed_package_information.package_discovery:Found 1 installed packages in /home/maksim/KT1_ROS/ros2_pose/install
[0.455s] DEBUG:colcon.colcon_installed_package_information.package_discovery:Found 270 installed packages in /opt/ros/humble
[0.456s] Level 1:colcon.colcon_core.package_discovery:discover_packages(prefix_path) using defaults
[0.513s] Level 5:colcon.colcon_core.verb:set package 'custom_msgs' build argument 'cmake_args' from command line to 'None'
[0.513s] Level 5:colcon.colcon_core.verb:set package 'custom_msgs' build argument 'cmake_target' from command line to 'None'
[0.513s] Level 5:colcon.colcon_core.verb:set package 'custom_msgs' build argument 'cmake_target_skip_unavailable' from command line to 'False'
[0.513s] Level 5:colcon.colcon_core.verb:set package 'custom_msgs' build argument 'cmake_clean_cache' from command line to 'False'
[0.513s] Level 5:colcon.colcon_core.verb:set package 'custom_msgs' build argument 'cmake_clean_first' from command line to 'False'
[0.513s] Level 5:colcon.colcon_core.verb:set package 'custom_msgs' build argument 'cmake_force_configure' from command line to 'False'
[0.513s] Level 5:colcon.colcon_core.verb:set package 'custom_msgs' build argument 'ament_cmake_args' from command line to 'None'
[0.513s] Level 5:colcon.colcon_core.verb:set package 'custom_msgs' build argument 'catkin_cmake_args' from command line to 'None'
[0.513s] Level 5:colcon.colcon_core.verb:set package 'custom_msgs' build argument 'catkin_skip_building_tests' from command line to 'False'
[0.513s] DEBUG:colcon.colcon_core.verb:Building package 'custom_msgs' with the following arguments: {'ament_cmake_args': None, 'build_base': '/home/maksim/KT1_ROS/build/custom_msgs', 'catkin_cmake_args': None, 'catkin_skip_building_tests': False, 'cmake_args': None, 'cmake_clean_cache': False, 'cmake_clean_first': False, 'cmake_force_configure': False, 'cmake_target': None, 'cmake_target_skip_unavailable': False, 'install_base': '/home/maksim/KT1_ROS/install/custom_msgs', 'merge_install': False, 'path': '/home/maksim/KT1_ROS/custom_msgs', 'symlink_install': False, 'test_result_base': None}
[0.513s] Level 5:colcon.colcon_core.verb:set package 'move_with_obstacle' build argument 'cmake_args' from command line to 'None'
[0.513s] Level 5:colcon.colcon_core.verb:set package 'move_with_obstacle' build argument 'cmake_target' from command line to 'None'
[0.513s] Level 5:colcon.colcon_core.verb:set package 'move_with_obstacle' build argument 'cmake_target_skip_unavailable' from command line to 'False'
[0.513s] Level 5:colcon.colcon_core.verb:set package 'move_with_obstacle' build argument 'cmake_clean_cache' from command line to 'False'
[0.513s] Level 5:colcon.colcon_core.verb:set package 'move_with_obstacle' build argument 'cmake_clean_first' from command line to 'False'
[0.513s] Level 5:colcon.colcon_core.verb:set package 'move_with_obstacle' build argument 'cmake_force_configure' from command line to 'False'
[0.513s] Level 5:colcon.colcon_core.verb:set package 'move_with_obstacle' build argument 'ament_cmake_args' from command line to 'None'
[0.513s] Level 5:colcon.colcon_core.verb:set package 'move_with_obstacle' build argument 'catkin_cmake_args' from command line to 'None'
[0.513s] Level 5:colcon.colcon_core.verb:set package 'move_with_obstacle' build argument 'catkin_skip_building_tests' from command line to 'False'
[0.513s] DEBUG:colcon.colcon_core.verb:Building package 'move_with_obstacle' with the following arguments: {'ament_cmake_args': None, 'build_base': '/home/maksim/KT1_ROS/build/move_with_obstacle', 'catkin_cmake_args': None, 'catkin_skip_building_tests': False, 'cmake_args': None, 'cmake_clean_cache': False, 'cmake_clean_first': False, 'cmake_force_configure': False, 'cmake_target': None, 'cmake_target_skip_unavailable': False, 'install_base': '/home/maksim/KT1_ROS/install/move_with_obstacle', 'merge_install': False, 'path': '/home/maksim/KT1_ROS/ros2_pose/move_with_obstacle', 'symlink_install': False, 'test_result_base': None}
[0.513s] INFO:colcon.colcon_core.executor:Executing jobs using 'parallel' executor
[0.514s] DEBUG:colcon.colcon_parallel_executor.executor.parallel:run_until_complete
[0.514s] INFO:colcon.colcon_ros.task.ament_cmake.build:Building ROS package in '/home/maksim/KT1_ROS/custom_msgs' with build type 'ament_cmake'
[0.514s] INFO:colcon.colcon_cmake.task.cmake.build:Building CMake package in '/home/maksim/KT1_ROS/custom_msgs'
[0.518s] INFO:colcon.colcon_core.plugin_system:Skipping extension 'colcon_core.shell.bat': Not used on non-Windows systems
[0.518s] INFO:colcon.colcon_core.shell:Skip shell extension 'powershell' for command environment: Not usable outside of PowerShell
[0.518s] DEBUG:colcon.colcon_core.shell:Skip shell extension 'dsv' for command environment
[0.528s] DEBUG:colcon.colcon_core.event_handler.log_command:Invoking command in '/home/maksim/KT1_ROS/build/custom_msgs': CMAKE_PREFIX_PATH=${CMAKE_PREFIX_PATH}:/home/maksim/KT1_ROS/install/move_with_obstacle:/home/maksim/KT1_ROS/ros2_pose/install/move_with_obstacle:/opt/ros/humble /usr/bin/cmake --build /home/maksim/KT1_ROS/build/custom_msgs -- -j12 -l12
[0.776s] DEBUG:colcon.colcon_core.event_handler.log_command:Invoked command in '/home/maksim/KT1_ROS/build/custom_msgs' returned '0': CMAKE_PREFIX_PATH=${CMAKE_PREFIX_PATH}:/home/maksim/KT1_ROS/install/move_with_obstacle:/home/maksim/KT1_ROS/ros2_pose/install/move_with_obstacle:/opt/ros/humble /usr/bin/cmake --build /home/maksim/KT1_ROS/build/custom_msgs -- -j12 -l12
[0.782s] DEBUG:colcon.colcon_core.event_handler.log_command:Invoking command in '/home/maksim/KT1_ROS/build/custom_msgs': CMAKE_PREFIX_PATH=${CMAKE_PREFIX_PATH}:/home/maksim/KT1_ROS/install/move_with_obstacle:/home/maksim/KT1_ROS/ros2_pose/install/move_with_obstacle:/opt/ros/humble /usr/bin/cmake --install /home/maksim/KT1_ROS/build/custom_msgs
[0.828s] Level 1:colcon.colcon_core.environment:create_environment_scripts_only(custom_msgs)
[0.828s] DEBUG:colcon.colcon_core.event_handler.log_command:Invoked command in '/home/maksim/KT1_ROS/build/custom_msgs' returned '0': CMAKE_PREFIX_PATH=${CMAKE_PREFIX_PATH}:/home/maksim/KT1_ROS/install/move_with_obstacle:/home/maksim/KT1_ROS/ros2_pose/install/move_with_obstacle:/opt/ros/humble /usr/bin/cmake --install /home/maksim/KT1_ROS/build/custom_msgs
[0.833s] Level 1:colcon.colcon_core.environment:checking '/home/maksim/KT1_ROS/install/custom_msgs' for CMake module files
[0.833s] Level 1:colcon.colcon_core.environment:checking '/home/maksim/KT1_ROS/install/custom_msgs' for CMake config files
[0.834s] Level 1:colcon.colcon_core.shell:create_environment_hook('custom_msgs', 'cmake_prefix_path')
[0.835s] INFO:colcon.colcon_core.shell:Creating environment hook '/home/maksim/KT1_ROS/install/custom_msgs/share/custom_msgs/hook/cmake_prefix_path.ps1'
[0.835s] INFO:colcon.colcon_core.shell:Creating environment descriptor '/home/maksim/KT1_ROS/install/custom_msgs/share/custom_msgs/hook/cmake_prefix_path.dsv'
[0.836s] INFO:colcon.colcon_core.shell:Creating environment hook '/home/maksim/KT1_ROS/install/custom_msgs/share/custom_msgs/hook/cmake_prefix_path.sh'
[0.836s] Level 1:colcon.colcon_core.environment:checking '/home/maksim/KT1_ROS/install/custom_msgs/lib'
[0.836s] Level 1:colcon.colcon_core.shell:create_environment_hook('custom_msgs', 'ld_library_path_lib')
[0.837s] INFO:colcon.colcon_core.shell:Creating environment hook '/home/maksim/KT1_ROS/install/custom_msgs/share/custom_msgs/hook/ld_library_path_lib.ps1'
[0.837s] INFO:colcon.colcon_core.shell:Creating environment descriptor '/home/maksim/KT1_ROS/install/custom_msgs/share/custom_msgs/hook/ld_library_path_lib.dsv'
[0.837s] INFO:colcon.colcon_core.shell:Creating environment hook '/home/maksim/KT1_ROS/install/custom_msgs/share/custom_msgs/hook/ld_library_path_lib.sh'
[0.837s] Level 1:colcon.colcon_core.environment:checking '/home/maksim/KT1_ROS/install/custom_msgs/bin'
[0.837s] Level 1:colcon.colcon_core.environment:checking '/home/maksim/KT1_ROS/install/custom_msgs/lib/pkgconfig/custom_msgs.pc'
[0.837s] Level 1:colcon.colcon_core.environment:checking '/home/maksim/KT1_ROS/install/custom_msgs/lib/python3.10/site-packages'
[0.838s] Level 1:colcon.colcon_core.environment:checking '/home/maksim/KT1_ROS/install/custom_msgs/bin'
[0.838s] INFO:colcon.colcon_core.shell:Creating package script '/home/maksim/KT1_ROS/install/custom_msgs/share/custom_msgs/package.ps1'
[0.838s] INFO:colcon.colcon_core.shell:Creating package descriptor '/home/maksim/KT1_ROS/install/custom_msgs/share/custom_msgs/package.dsv'
[0.839s] INFO:colcon.colcon_core.shell:Creating package script '/home/maksim/KT1_ROS/install/custom_msgs/share/custom_msgs/package.sh'
[0.840s] INFO:colcon.colcon_core.shell:Creating package script '/home/maksim/KT1_ROS/install/custom_msgs/share/custom_msgs/package.bash'
[0.840s] INFO:colcon.colcon_core.shell:Creating package script '/home/maksim/KT1_ROS/install/custom_msgs/share/custom_msgs/package.zsh'
[0.841s] Level 1:colcon.colcon_core.environment:create_file_with_runtime_dependencies(/home/maksim/KT1_ROS/install/custom_msgs/share/colcon-core/packages/custom_msgs)
[0.841s] Level 1:colcon.colcon_core.environment:create_environment_scripts_only(custom_msgs)
[0.841s] Level 1:colcon.colcon_core.environment:checking '/home/maksim/KT1_ROS/install/custom_msgs' for CMake module files
[0.842s] Level 1:colcon.colcon_core.environment:checking '/home/maksim/KT1_ROS/install/custom_msgs' for CMake config files
[0.842s] Level 1:colcon.colcon_core.shell:create_environment_hook('custom_msgs', 'cmake_prefix_path')
[0.842s] INFO:colcon.colcon_core.shell:Creating environment hook '/home/maksim/KT1_ROS/install/custom_msgs/share/custom_msgs/hook/cmake_prefix_path.ps1'
[0.842s] INFO:colcon.colcon_core.shell:Creating environment descriptor '/home/maksim/KT1_ROS/install/custom_msgs/share/custom_msgs/hook/cmake_prefix_path.dsv'
[0.842s] INFO:colcon.colcon_core.shell:Creating environment hook '/home/maksim/KT1_ROS/install/custom_msgs/share/custom_msgs/hook/cmake_prefix_path.sh'
[0.843s] Level 1:colcon.colcon_core.environment:checking '/home/maksim/KT1_ROS/install/custom_msgs/lib'
[0.843s] Level 1:colcon.colcon_core.shell:create_environment_hook('custom_msgs', 'ld_library_path_lib')
[0.843s] INFO:colcon.colcon_core.shell:Creating environment hook '/home/maksim/KT1_ROS/install/custom_msgs/share/custom_msgs/hook/ld_library_path_lib.ps1'
[0.843s] INFO:colcon.colcon_core.shell:Creating environment descriptor '/home/maksim/KT1_ROS/install/custom_msgs/share/custom_msgs/hook/ld_library_path_lib.dsv'
[0.843s] INFO:colcon.colcon_core.shell:Creating environment hook '/home/maksim/KT1_ROS/install/custom_msgs/share/custom_msgs/hook/ld_library_path_lib.sh'
[0.843s] Level 1:colcon.colcon_core.environment:checking '/home/maksim/KT1_ROS/install/custom_msgs/bin'
[0.844s] Level 1:colcon.colcon_core.environment:checking '/home/maksim/KT1_ROS/install/custom_msgs/lib/pkgconfig/custom_msgs.pc'
[0.844s] Level 1:colcon.colcon_core.environment:checking '/home/maksim/KT1_ROS/install/custom_msgs/lib/python3.10/site-packages'
[0.844s] Level 1:colcon.colcon_core.environment:checking '/home/maksim/KT1_ROS/install/custom_msgs/bin'
[0.844s] INFO:colcon.colcon_core.shell:Creating package script '/home/maksim/KT1_ROS/install/custom_msgs/share/custom_msgs/package.ps1'
[0.844s] INFO:colcon.colcon_core.shell:Creating package descriptor '/home/maksim/KT1_ROS/install/custom_msgs/share/custom_msgs/package.dsv'
[0.845s] INFO:colcon.colcon_core.shell:Creating package script '/home/maksim/KT1_ROS/install/custom_msgs/share/custom_msgs/package.sh'
[0.845s] INFO:colcon.colcon_core.shell:Creating package script '/home/maksim/KT1_ROS/install/custom_msgs/share/custom_msgs/package.bash'
[0.845s] INFO:colcon.colcon_core.shell:Creating package script '/home/maksim/KT1_ROS/install/custom_msgs/share/custom_msgs/package.zsh'
[0.845s] Level 1:colcon.colcon_core.environment:create_file_with_runtime_dependencies(/home/maksim/KT1_ROS/install/custom_msgs/share/colcon-core/packages/custom_msgs)
[0.845s] INFO:colcon.colcon_ros.task.ament_python.build:Building ROS package in '/home/maksim/KT1_ROS/ros2_pose/move_with_obstacle' with build type 'ament_python'
[0.846s] Level 1:colcon.colcon_core.shell:create_environment_hook('move_with_obstacle', 'ament_prefix_path')
[0.846s] INFO:colcon.colcon_core.shell:Creating environment hook '/home/maksim/KT1_ROS/install/move_with_obstacle/share/move_with_obstacle/hook/ament_prefix_path.ps1'
[0.846s] INFO:colcon.colcon_core.shell:Creating environment descriptor '/home/maksim/KT1_ROS/install/move_with_obstacle/share/move_with_obstacle/hook/ament_prefix_path.dsv'
[0.847s] INFO:colcon.colcon_core.shell:Creating environment hook '/home/maksim/KT1_ROS/install/move_with_obstacle/share/move_with_obstacle/hook/ament_prefix_path.sh'
[0.847s] INFO:colcon.colcon_core.shell:Skip shell extension 'powershell' for command environment: Not usable outside of PowerShell
[0.847s] DEBUG:colcon.colcon_core.shell:Skip shell extension 'dsv' for command environment
[1.034s] INFO:colcon.colcon_core.task.python.build:Building Python package in '/home/maksim/KT1_ROS/ros2_pose/move_with_obstacle'
[1.034s] INFO:colcon.colcon_core.shell:Skip shell extension 'powershell' for command environment: Not usable outside of PowerShell
[1.034s] DEBUG:colcon.colcon_core.shell:Skip shell extension 'dsv' for command environment
[1.372s] DEBUG:colcon.colcon_core.event_handler.log_command:Invoking command in '/home/maksim/KT1_ROS/ros2_pose/move_with_obstacle': PYTHONPATH=/home/maksim/KT1_ROS/build/move_with_obstacle/prefix_override:/usr/lib/python3/dist-packages/colcon_core/task/python/colcon_distutils_commands:/home/maksim/KT1_ROS/install/move_with_obstacle/lib/python3.10/site-packages:${PYTHONPATH} /usr/bin/python3 -W ignore:setup.py install is deprecated -W ignore:easy_install command is deprecated setup.py egg_info --egg-base ../../build/move_with_obstacle build --build-base /home/maksim/KT1_ROS/build/move_with_obstacle/build install --record /home/maksim/KT1_ROS/build/move_with_obstacle/install.log --single-version-externally-managed install_data
[1.542s] Level 1:colcon.colcon_core.environment:checking '/home/maksim/KT1_ROS/install/move_with_obstacle' for CMake module files
[1.542s] DEBUG:colcon.colcon_core.event_handler.log_command:Invoked command in '/home/maksim/KT1_ROS/ros2_pose/move_with_obstacle' returned '0': PYTHONPATH=/home/maksim/KT1_ROS/build/move_with_obstacle/prefix_override:/usr/lib/python3/dist-packages/colcon_core/task/python/colcon_distutils_commands:/home/maksim/KT1_ROS/install/move_with_obstacle/lib/python3.10/site-packages:${PYTHONPATH} /usr/bin/python3 -W ignore:setup.py install is deprecated -W ignore:easy_install command is deprecated setup.py egg_info --egg-base ../../build/move_with_obstacle build --build-base /home/maksim/KT1_ROS/build/move_with_obstacle/build install --record /home/maksim/KT1_ROS/build/move_with_obstacle/install.log --single-version-externally-managed install_data
[1.543s] Level 1:colcon.colcon_core.environment:checking '/home/maksim/KT1_ROS/install/move_with_obstacle' for CMake config files
[1.545s] Level 1:colcon.colcon_core.environment:checking '/home/maksim/KT1_ROS/install/move_with_obstacle/lib'
[1.545s] Level 1:colcon.colcon_core.environment:checking '/home/maksim/KT1_ROS/install/move_with_obstacle/bin'
[1.545s] Level 1:colcon.colcon_core.environment:checking '/home/maksim/KT1_ROS/install/move_with_obstacle/lib/pkgconfig/move_with_obstacle.pc'
[1.546s] Level 1:colcon.colcon_core.environment:checking '/home/maksim/KT1_ROS/install/move_with_obstacle/lib/python3.10/site-packages'
[1.546s] Level 1:colcon.colcon_core.shell:create_environment_hook('move_with_obstacle', 'pythonpath')
[1.546s] INFO:colcon.colcon_core.shell:Creating environment hook '/home/maksim/KT1_ROS/install/move_with_obstacle/share/move_with_obstacle/hook/pythonpath.ps1'
[1.546s] INFO:colcon.colcon_core.shell:Creating environment descriptor '/home/maksim/KT1_ROS/install/move_with_obstacle/share/move_with_obstacle/hook/pythonpath.dsv'
[1.546s] INFO:colcon.colcon_core.shell:Creating environment hook '/home/maksim/KT1_ROS/install/move_with_obstacle/share/move_with_obstacle/hook/pythonpath.sh'
[1.547s] Level 1:colcon.colcon_core.environment:checking '/home/maksim/KT1_ROS/install/move_with_obstacle/bin'
[1.547s] Level 1:colcon.colcon_core.environment:create_environment_scripts_only(move_with_obstacle)
[1.547s] INFO:colcon.colcon_core.shell:Creating package script '/home/maksim/KT1_ROS/install/move_with_obstacle/share/move_with_obstacle/package.ps1'
[1.547s] INFO:colcon.colcon_core.shell:Creating package descriptor '/home/maksim/KT1_ROS/install/move_with_obstacle/share/move_with_obstacle/package.dsv'
[1.547s] INFO:colcon.colcon_core.shell:Creating package script '/home/maksim/KT1_ROS/install/move_with_obstacle/share/move_with_obstacle/package.sh'
[1.548s] INFO:colcon.colcon_core.shell:Creating package script '/home/maksim/KT1_ROS/install/move_with_obstacle/share/move_with_obstacle/package.bash'
[1.548s] INFO:colcon.colcon_core.shell:Creating package script '/home/maksim/KT1_ROS/install/move_with_obstacle/share/move_with_obstacle/package.zsh'
[1.548s] Level 1:colcon.colcon_core.environment:create_file_with_runtime_dependencies(/home/maksim/KT1_ROS/install/move_with_obstacle/share/colcon-core/packages/move_with_obstacle)
[1.548s] DEBUG:colcon.colcon_parallel_executor.executor.parallel:closing loop
[1.549s] DEBUG:colcon.colcon_parallel_executor.executor.parallel:loop closed
[1.549s] DEBUG:colcon.colcon_parallel_executor.executor.parallel:run_until_complete finished with '0'
[1.549s] DEBUG:colcon.colcon_core.event_reactor:joining thread
[1.572s] INFO:colcon.colcon_core.plugin_system:Skipping extension 'colcon_notification.desktop_notification.notify_send': Could not find 'notify-send'
[1.572s] INFO:colcon.colcon_core.plugin_system:Skipping extension 'colcon_notification.desktop_notification.terminal_notifier': Not used on non-Darwin systems
[1.572s] INFO:colcon.colcon_core.plugin_system:Skipping extension 'colcon_notification.desktop_notification.win32': Not used on non-Windows systems
[1.572s] INFO:colcon.colcon_notification.desktop_notification:Sending desktop notification using 'notify2'
[1.572s] DEBUG:colcon.colcon_notification.desktop_notification.notify2:Failed to initialize notify2: org.freedesktop.DBus.Error.FileNotFound: Failed to connect to socket /run/user/1000/bus: No such file or directory
[1.573s] DEBUG:colcon.colcon_core.event_reactor:joined thread
[1.573s] INFO:colcon.colcon_core.shell:Creating prefix script '/home/maksim/KT1_ROS/install/local_setup.ps1'
[1.574s] INFO:colcon.colcon_core.shell:Creating prefix util module '/home/maksim/KT1_ROS/install/_local_setup_util_ps1.py'
[1.575s] INFO:colcon.colcon_core.shell:Creating prefix chain script '/home/maksim/KT1_ROS/install/setup.ps1'
[1.576s] INFO:colcon.colcon_core.shell:Creating prefix script '/home/maksim/KT1_ROS/install/local_setup.sh'
[1.576s] INFO:colcon.colcon_core.shell:Creating prefix util module '/home/maksim/KT1_ROS/install/_local_setup_util_sh.py'
[1.576s] INFO:colcon.colcon_core.shell:Creating prefix chain script '/home/maksim/KT1_ROS/install/setup.sh'
[1.577s] INFO:colcon.colcon_core.shell:Creating prefix script '/home/maksim/KT1_ROS/install/local_setup.bash'
[1.578s] INFO:colcon.colcon_core.shell:Creating prefix chain script '/home/maksim/KT1_ROS/install/setup.bash'
[1.579s] INFO:colcon.colcon_core.shell:Creating prefix script '/home/maksim/KT1_ROS/install/local_setup.zsh'
[1.579s] INFO:colcon.colcon_core.shell:Creating prefix chain script '/home/maksim/KT1_ROS/install/setup.zsh'
